Log file open, 04/13/20 16:17:13
LogWindows: Failed to load 'aqProf.dll' (GetLastError=126)
LogWindows: File 'aqProf.dll' does not exist
LogWindows: Failed to load 'VtuneApi.dll' (GetLastError=126)
LogWindows: File 'VtuneApi.dll' does not exist
LogWindows: Failed to load 'VtuneApi32e.dll' (GetLastError=126)
LogWindows: File 'VtuneApi32e.dll' does not exist
LogInit: Display: Running engine for game: InfinityBlade
LogPlatformFile: Not using cached read wrapper
LogInit: Display: RandInit(-1205605881) SRandInit(-1205605881).
LogInit: Read version file with build ID '3944462'
LogInit: Overriding engine version to CL 4033788, compatible CL 3944462
LogInit: Registered custom module enumerator with build ID '3944462'
LogTaskGraph: Started task graph with 5 named threads and 23 total threads with 3 sets of task threads.
LogStats: Stats thread started at 0.315961
LogD3D11RHI: Aftermath initialized
LogICUInternationalization: Display: ICU TimeZone Detection - Raw Offset: +9:00, Platform Override: ''
LogPluginManager: Mounting plugin Paper2D
LogPluginManager: Mounting plugin LiveLink
LogPluginManager: Mounting plugin LightPropagationVolume
LogPluginManager: Mounting plugin CLionSourceCodeAccess
LogPluginManager: Mounting plugin CodeLiteSourceCodeAccess
LogPluginManager: Mounting plugin GitSourceControl
LogPluginManager: Mounting plugin KDevelopSourceCodeAccess
LogPluginManager: Mounting plugin NullSourceCodeAccess
LogPluginManager: Mounting plugin PerforceSourceControl
LogPluginManager: Mounting plugin SubversionSourceControl
LogPluginManager: Mounting plugin UObjectPlugin
LogPluginManager: Mounting plugin VisualStudioCodeSourceCodeAccess
LogPluginManager: Mounting plugin VisualStudioSourceCodeAccess
LogPluginManager: Mounting plugin XCodeSourceCodeAccess
LogPluginManager: Mounting plugin AssetManagerEditor
LogPluginManager: Mounting plugin CryptoKeys
LogPluginManager: Mounting plugin DataValidation
LogPluginManager: Mounting plugin FacialAnimation
LogPluginManager: Mounting plugin GameplayTagsEditor
LogPluginManager: Mounting plugin MobileLauncherProfileWizard
LogPluginManager: Mounting plugin PluginBrowser
LogPluginManager: Mounting plugin SpeedTreeImporter
LogPluginManager: Mounting plugin DatasmithContent
LogPluginManager: Mounting plugin AlembicImporter
LogPluginManager: Mounting plugin CharacterAI
LogPluginManager: Mounting plugin HTML5Networking
LogPluginManager: Mounting plugin AndroidMedia
LogPluginManager: Mounting plugin AvfMedia
LogPluginManager: Mounting plugin ImgMedia
LogPluginManager: Mounting plugin LinearTimecode
LogPluginManager: Mounting plugin MediaCompositing
LogPluginManager: Mounting plugin MediaPlayerEditor
LogPluginManager: Mounting plugin WmfMedia
LogPluginManager: Mounting plugin TcpMessaging
LogPluginManager: Mounting plugin UdpMessaging
LogPluginManager: Mounting plugin ActorSequence
LogPluginManager: Mounting plugin LevelSequenceEditor
LogPluginManager: Mounting plugin MatineeToLevelSequence
LogPluginManager: Mounting plugin NetcodeUnitTest
LogPluginManager: Mounting plugin NUTUnrealEngine4
LogPluginManager: Mounting plugin OnlineSubsystemGooglePlay
LogPluginManager: Mounting plugin OnlineSubsystemIOS
LogPluginManager: Mounting plugin OnlineSubsystem
LogPluginManager: Mounting plugin OnlineSubsystemNull
LogPluginManager: Mounting plugin OnlineSubsystemUtils
LogPluginManager: Mounting plugin AndroidDeviceProfileSelector
LogPluginManager: Mounting plugin AndroidMoviePlayer
LogPluginManager: Mounting plugin AndroidPermission
LogPluginManager: Mounting plugin AppleARKit
LogPluginManager: Mounting plugin AppleMoviePlayer
LogPluginManager: Mounting plugin ArchVisCharacter
LogPluginManager: Mounting plugin AudioCapture
LogPluginManager: Mounting plugin CableComponent
LogPluginManager: Mounting plugin CustomMeshComponent
LogPluginManager: Mounting plugin ExampleDeviceProfileSelector
LogPluginManager: Mounting plugin GoogleCloudMessaging
LogPluginManager: Mounting plugin ImmediatePhysics
LogPluginManager: Mounting plugin IOSDeviceProfileSelector
LogPluginManager: Mounting plugin LinuxDeviceProfileSelector
LogPluginManager: Mounting plugin LocationServicesBPLibrary
LogPluginManager: Mounting plugin MobilePatchingUtils
LogPluginManager: Mounting plugin OculusVR
LogPluginManager: Plugin shader directory ../../../Engine/Plugins/Runtime/Oculus/OculusVR/Shaders found
LogPluginManager: Mapping shader source directory ../../../Engine/Plugins/Runtime/Oculus/OculusVR/Shaders to virtual directory /Plugin/OculusVR
LogPluginManager: Mounting plugin PhysXVehicles
LogPluginManager: Mounting plugin ProceduralMeshComponent
LogPluginManager: Mounting plugin RuntimePhysXCooking
LogPluginManager: Mounting plugin SteamVR
LogPluginManager: Mounting plugin WindowsMoviePlayer
LogStreaming: Display: Took  0.188s to configure plugins.
LogModuleManager: Warning: Module file ../../../../../../dev/IB/Binaries/Win64/UE4Editor-InfinityBladeSetting-9118.dll is missing. This is likely a stale module that must be recompiled.
LogModuleManager: Display: Found up-to-date module file ../../../../../../dev/IB/Binaries/Win64/UE4Editor-InfinityBlade-4288.dll (API version 3944462).
LogModuleManager: Display: Found up-to-date module file ../../../Engine/Plugins/2D/Paper2D/Binaries/Win64/UE4Editor-Paper2D.dll (API version 3944462).
LogModuleManager: Display: Found up-to-date module file ../../../Engine/Plugins/2D/Paper2D/Binaries/Win64/UE4Editor-Paper2DEditor.dll (API version 3944462).
LogModuleManager: Display: Found up-to-date module file ../../../Engine/Plugins/2D/Paper2D/Binaries/Win64/UE4Editor-PaperSpriteSheetImporter.dll (API version 3944462).
LogModuleManager: Display: Found up-to-date module file ../../../Engine/Plugins/2D/Paper2D/Binaries/Win64/UE4Editor-PaperTiledImporter.dll (API version 3944462).
LogModuleManager: Display: Found up-to-date module file ../../../Engine/Plugins/2D/Paper2D/Binaries/Win64/UE4Editor-SmartSnapping.dll (API version 3944462).
LogModuleManager: Display: Found up-to-date module file ../../../Engine/Plugins/Animation/LiveLink/Binaries/Win64/UE4Editor-LiveLink.dll (API version 3944462).
LogModuleManager: Display: Found up-to-date module file ../../../Engine/Plugins/Animation/LiveLink/Binaries/Win64/UE4Editor-LiveLinkEditor.dll (API version 3944462).
LogModuleManager: Display: Found up-to-date module file ../../../Engine/Plugins/Blendables/LightPropagationVolume/Binaries/Win64/UE4Editor-LightPropagationVolumeRuntime.dll (API version 3944462).
LogModuleManager: Display: Found up-to-date module file ../../../Engine/Plugins/Blendables/LightPropagationVolume/Binaries/Win64/UE4Editor-LightPropagationVolumeEditor.dll (API version 3944462).
LogModuleManager: Display: Found up-to-date module file ../../../Engine/Plugins/Developer/CLionSourceCodeAccess/Binaries/Win64/UE4Editor-CLionSourceCodeAccess.dll (API version 3944462).
LogModuleManager: Display: Found up-to-date module file ../../../Engine/Plugins/Developer/GitSourceControl/Binaries/Win64/UE4Editor-GitSourceControl.dll (API version 3944462).
LogModuleManager: Display: Found up-to-date module file ../../../Engine/Plugins/Developer/PerforceSourceControl/Binaries/Win64/UE4Editor-PerforceSourceControl.dll (API version 3944462).
LogModuleManager: Display: Found up-to-date module file ../../../Engine/Plugins/Developer/SubversionSourceControl/Binaries/Win64/UE4Editor-SubversionSourceControl.dll (API version 3944462).
LogModuleManager: Display: Found up-to-date module file ../../../Engine/Plugins/Developer/UObjectPlugin/Binaries/Win64/UE4Editor-UObjectPlugin.dll (API version 3944462).
LogModuleManager: Display: Found up-to-date module file ../../../Engine/Plugins/Developer/VisualStudioCodeSourceCodeAccess/Binaries/Win64/UE4Editor-VisualStudioCodeSourceCodeAccess.dll (API version 3944462).
LogModuleManager: Display: Found up-to-date module file ../../../Engine/Plugins/Developer/VisualStudioSourceCodeAccess/Binaries/Win64/UE4Editor-VisualStudioSourceCodeAccess.dll (API version 3944462).
LogModuleManager: Display: Found up-to-date module file ../../../Engine/Plugins/Editor/AssetManagerEditor/Binaries/Win64/UE4Editor-AssetManagerEditor.dll (API version 3944462).
LogModuleManager: Display: Found up-to-date module file ../../../Engine/Plugins/Editor/CryptoKeys/Binaries/Win64/UE4Editor-CryptoKeys.dll (API version 3944462).
LogModuleManager: Display: Found up-to-date module file ../../../Engine/Plugins/Editor/CryptoKeys/Binaries/Win64/UE4Editor-CryptoKeysOpenSSL.dll (API version 3944462).
LogModuleManager: Display: Found up-to-date module file ../../../Engine/Plugins/Editor/DataValidation/Binaries/Win64/UE4Editor-DataValidation.dll (API version 3944462).
LogModuleManager: Display: Found up-to-date module file ../../../Engine/Plugins/Editor/FacialAnimation/Binaries/Win64/UE4Editor-FacialAnimation.dll (API version 3944462).
LogModuleManager: Display: Found up-to-date module file ../../../Engine/Plugins/Editor/FacialAnimation/Binaries/Win64/UE4Editor-FacialAnimationEditor.dll (API version 3944462).
LogModuleManager: Display: Found up-to-date module file ../../../Engine/Plugins/Editor/GameplayTagsEditor/Binaries/Win64/UE4Editor-GameplayTagsEditor.dll (API version 3944462).
LogModuleManager: Display: Found up-to-date module file ../../../Engine/Plugins/Editor/MobileLauncherProfileWizard/Binaries/Win64/UE4Editor-MobileLauncherProfileWizard.dll (API version 3944462).
LogModuleManager: Display: Found up-to-date module file ../../../Engine/Plugins/Editor/PluginBrowser/Binaries/Win64/UE4Editor-PluginBrowser.dll (API version 3944462).
LogModuleManager: Display: Found up-to-date module file ../../../Engine/Plugins/Editor/SpeedTreeImporter/Binaries/Win64/UE4Editor-SpeedTreeImporter.dll (API version 3944462).
LogModuleManager: Display: Found up-to-date module file ../../../Engine/Plugins/Enterprise/DatasmithContent/Binaries/Win64/UE4Editor-DatasmithContent.dll (API version 3944462).
LogModuleManager: Display: Found up-to-date module file ../../../Engine/Plugins/Experimental/AlembicImporter/Binaries/Win64/UE4Editor-AlembicImporter.dll (API version 3944462).
LogModuleManager: Display: Found up-to-date module file ../../../Engine/Plugins/Experimental/AlembicImporter/Binaries/Win64/UE4Editor-AlembicLibrary.dll (API version 3944462).
LogModuleManager: Display: Found up-to-date module file ../../../Engine/Plugins/Experimental/CharacterAI/Binaries/Win64/UE4Editor-CharacterAI.dll (API version 3944462).
LogModuleManager: Display: Found up-to-date module file ../../../Engine/Plugins/Experimental/HTML5Networking/Binaries/Win64/UE4Editor-HTML5Networking.dll (API version 3944462).
LogModuleManager: Display: Found up-to-date module file ../../../Engine/Plugins/Media/AndroidMedia/Binaries/Win64/UE4Editor-AndroidMediaEditor.dll (API version 3944462).
LogModuleManager: Display: Found up-to-date module file ../../../Engine/Plugins/Media/AndroidMedia/Binaries/Win64/UE4Editor-AndroidMediaFactory.dll (API version 3944462).
LogModuleManager: Display: Found up-to-date module file ../../../Engine/Plugins/Media/AvfMedia/Binaries/Win64/UE4Editor-AvfMediaEditor.dll (API version 3944462).
LogModuleManager: Display: Found up-to-date module file ../../../Engine/Plugins/Media/AvfMedia/Binaries/Win64/UE4Editor-AvfMediaFactory.dll (API version 3944462).
LogModuleManager: Display: Found up-to-date module file ../../../Engine/Plugins/Media/AvfMedia/Binaries/Win64/UE4Editor-AvfMediaFactory.dll (API version 3944462).
LogModuleManager: Display: Found up-to-date module file ../../../Engine/Plugins/Media/ImgMedia/Binaries/Win64/UE4Editor-ImgMedia.dll (API version 3944462).
LogModuleManager: Display: Found up-to-date module file ../../../Engine/Plugins/Media/ImgMedia/Binaries/Win64/UE4Editor-ImgMediaEditor.dll (API version 3944462).
LogModuleManager: Display: Found up-to-date module file ../../../Engine/Plugins/Media/ImgMedia/Binaries/Win64/UE4Editor-ImgMediaFactory.dll (API version 3944462).
LogModuleManager: Display: Found up-to-date module file ../../../Engine/Plugins/Media/ImgMedia/Binaries/Win64/UE4Editor-ImgMediaFactory.dll (API version 3944462).
LogModuleManager: Display: Found up-to-date module file ../../../Engine/Plugins/Media/ImgMedia/Binaries/Win64/UE4Editor-OpenExrWrapper.dll (API version 3944462).
LogModuleManager: Display: Found up-to-date module file ../../../Engine/Plugins/Media/LinearTimecode/Binaries/Win64/UE4Editor-LinearTimecode.dll (API version 3944462).
LogModuleManager: Display: Found up-to-date module file ../../../Engine/Plugins/Media/MediaCompositing/Binaries/Win64/UE4Editor-MediaCompositing.dll (API version 3944462).
LogModuleManager: Display: Found up-to-date module file ../../../Engine/Plugins/Media/MediaCompositing/Binaries/Win64/UE4Editor-MediaCompositingEditor.dll (API version 3944462).
LogModuleManager: Display: Found up-to-date module file ../../../Engine/Plugins/Media/MediaPlayerEditor/Binaries/Win64/UE4Editor-MediaPlayerEditor.dll (API version 3944462).
LogModuleManager: Display: Found up-to-date module file ../../../Engine/Plugins/Media/WmfMedia/Binaries/Win64/UE4Editor-WmfMedia.dll (API version 3944462).
LogModuleManager: Display: Found up-to-date module file ../../../Engine/Plugins/Media/WmfMedia/Binaries/Win64/UE4Editor-WmfMediaEditor.dll (API version 3944462).
LogModuleManager: Display: Found up-to-date module file ../../../Engine/Plugins/Media/WmfMedia/Binaries/Win64/UE4Editor-WmfMediaFactory.dll (API version 3944462).
LogModuleManager: Display: Found up-to-date module file ../../../Engine/Plugins/Media/WmfMedia/Binaries/Win64/UE4Editor-WmfMediaFactory.dll (API version 3944462).
LogModuleManager: Display: Found up-to-date module file ../../../Engine/Plugins/Messaging/TcpMessaging/Binaries/Win64/UE4Editor-TcpMessaging.dll (API version 3944462).
LogModuleManager: Display: Found up-to-date module file ../../../Engine/Plugins/Messaging/UdpMessaging/Binaries/Win64/UE4Editor-UdpMessaging.dll (API version 3944462).
LogModuleManager: Display: Found up-to-date module file ../../../Engine/Plugins/MovieScene/ActorSequence/Binaries/Win64/UE4Editor-ActorSequence.dll (API version 3944462).
LogModuleManager: Display: Found up-to-date module file ../../../Engine/Plugins/MovieScene/LevelSequenceEditor/Binaries/Win64/UE4Editor-LevelSequenceEditor.dll (API version 3944462).
LogModuleManager: Display: Found up-to-date module file ../../../Engine/Plugins/MovieScene/MatineeToLevelSequence/Binaries/Win64/UE4Editor-MatineeToLevelSequence.dll (API version 3944462).
LogModuleManager: Display: Found up-to-date module file ../../../Engine/Plugins/NetcodeUnitTest/NetcodeUnitTest/Binaries/Win64/UE4Editor-NetcodeUnitTest.dll (API version 3944462).
LogModuleManager: Display: Found up-to-date module file ../../../Engine/Plugins/NetcodeUnitTest/NUTUnrealEngine4/Binaries/Win64/UE4Editor-NUTUnrealEngine4.dll (API version 3944462).
LogModuleManager: Display: Found up-to-date module file ../../../Engine/Plugins/Online/OnlineSubsystem/Binaries/Win64/UE4Editor-OnlineSubsystem.dll (API version 3944462).
LogModuleManager: Display: Found up-to-date module file ../../../Engine/Plugins/Online/OnlineSubsystemNull/Binaries/Win64/UE4Editor-OnlineSubsystemNull.dll (API version 3944462).
LogModuleManager: Display: Found up-to-date module file ../../../Engine/Plugins/Online/OnlineSubsystemUtils/Binaries/Win64/UE4Editor-OnlineSubsystemUtils.dll (API version 3944462).
LogModuleManager: Display: Found up-to-date module file ../../../Engine/Plugins/Online/OnlineSubsystemUtils/Binaries/Win64/UE4Editor-OnlineBlueprintSupport.dll (API version 3944462).
LogModuleManager: Display: Found up-to-date module file ../../../Engine/Plugins/Runtime/AndroidDeviceProfileSelector/Binaries/Win64/UE4Editor-AndroidDeviceProfileSelector.dll (API version 3944462).
LogModuleManager: Display: Found up-to-date module file ../../../Engine/Plugins/Runtime/AndroidPermission/Binaries/Win64/UE4Editor-AndroidPermission.dll (API version 3944462).
LogModuleManager: Display: Found up-to-date module file ../../../Engine/Plugins/Runtime/AppleARKit/Binaries/Win64/UE4Editor-AppleARKit.dll (API version 3944462).
LogModuleManager: Display: Found up-to-date module file ../../../Engine/Plugins/Runtime/ArchVisCharacter/Binaries/Win64/UE4Editor-ArchVisCharacter.dll (API version 3944462).
LogModuleManager: Display: Found up-to-date module file ../../../Engine/Plugins/Runtime/AudioCapture/Binaries/Win64/UE4Editor-AudioCapture.dll (API version 3944462).
LogModuleManager: Display: Found up-to-date module file ../../../Engine/Plugins/Runtime/AudioCapture/Binaries/Win64/UE4Editor-AudioCaptureEditor.dll (API version 3944462).
LogModuleManager: Display: Found up-to-date module file ../../../Engine/Plugins/Runtime/CableComponent/Binaries/Win64/UE4Editor-CableComponent.dll (API version 3944462).
LogModuleManager: Display: Found up-to-date module file ../../../Engine/Plugins/Runtime/CustomMeshComponent/Binaries/Win64/UE4Editor-CustomMeshComponent.dll (API version 3944462).
LogModuleManager: Display: Found up-to-date module file ../../../Engine/Plugins/Runtime/ExampleDeviceProfileSelector/Binaries/Win64/UE4Editor-ExampleDeviceProfileSelector.dll (API version 3944462).
LogModuleManager: Display: Found up-to-date module file ../../../Engine/Plugins/Runtime/ImmediatePhysics/Binaries/Win64/UE4Editor-ImmediatePhysics.dll (API version 3944462).
LogModuleManager: Display: Found up-to-date module file ../../../Engine/Plugins/Runtime/ImmediatePhysics/Binaries/Win64/UE4Editor-ImmediatePhysicsEditor.dll (API version 3944462).
LogModuleManager: Display: Found up-to-date module file ../../../Engine/Plugins/Runtime/LocationServicesBPLibrary/Binaries/Win64/UE4Editor-LocationServicesBPLibrary.dll (API version 3944462).
LogModuleManager: Display: Found up-to-date module file ../../../Engine/Plugins/Runtime/MobilePatchingUtils/Binaries/Win64/UE4Editor-MobilePatchingUtils.dll (API version 3944462).
LogModuleManager: Display: Found up-to-date module file ../../../Engine/Plugins/Runtime/Oculus/OculusVR/Binaries/Win64/UE4Editor-OculusHMD.dll (API version 3944462).
LogModuleManager: Display: Found up-to-date module file ../../../Engine/Plugins/Runtime/Oculus/OculusVR/Binaries/Win64/UE4Editor-OculusInput.dll (API version 3944462).
LogModuleManager: Display: Found up-to-date module file ../../../Engine/Plugins/Runtime/Oculus/OculusVR/Binaries/Win64/UE4Editor-OculusEditor.dll (API version 3944462).
LogModuleManager: Display: Found up-to-date module file ../../../Engine/Plugins/Runtime/PhysXVehicles/Binaries/Win64/UE4Editor-PhysXVehicles.dll (API version 3944462).
LogModuleManager: Display: Found up-to-date module file ../../../Engine/Plugins/Runtime/PhysXVehicles/Binaries/Win64/UE4Editor-PhysXVehiclesEditor.dll (API version 3944462).
LogModuleManager: Display: Found up-to-date module file ../../../Engine/Plugins/Runtime/ProceduralMeshComponent/Binaries/Win64/UE4Editor-ProceduralMeshComponent.dll (API version 3944462).
LogModuleManager: Display: Found up-to-date module file ../../../Engine/Plugins/Runtime/ProceduralMeshComponent/Binaries/Win64/UE4Editor-ProceduralMeshComponentEditor.dll (API version 3944462).
LogModuleManager: Display: Found up-to-date module file ../../../Engine/Plugins/Runtime/RuntimePhysXCooking/Binaries/Win64/UE4Editor-RuntimePhysXCooking.dll (API version 3944462).
LogModuleManager: Display: Found up-to-date module file ../../../Engine/Plugins/Runtime/Steam/SteamVR/Binaries/Win64/UE4Editor-SteamVR.dll (API version 3944462).
LogModuleManager: Display: Found up-to-date module file ../../../Engine/Plugins/Runtime/Steam/SteamVR/Binaries/Win64/UE4Editor-SteamVRController.dll (API version 3944462).
LogModuleManager: Display: Found up-to-date module file ../../../Engine/Plugins/Runtime/WindowsMoviePlayer/Binaries/Win64/UE4Editor-WindowsMoviePlayer.dll (API version 3944462).
LogInit: Warning: Incompatible or missing module: UE4Editor-InfinityBladeSetting.dll
Running C:/Program Files/Epic Games/UE_4.19/Engine/Binaries/DotNET/UnrealBuildTool.exe InfinityBlade Development Win64 -project="C:/dev/IB/InfinityBlade.uproject" -editorrecompile -progress -NoHotReloadFromIDE
Using 'git status' to determine working set for adaptive non-unity build.
@progress push 5%
@progress pop
Deleting old hot reload file: "C:\dev\IB\Binaries\Win64\UE4Editor-InfinityBlade-3887.dll".
Deleting old hot reload file: "C:\dev\IB\Binaries\Win64\UE4Editor-InfinityBlade-3887.pdb".
Deleting old hot reload file: "C:\dev\IB\Binaries\Win64\UE4Editor-InfinityBlade-4288.dll".
Deleting old hot reload file: "C:\dev\IB\Binaries\Win64\UE4Editor-InfinityBlade-4288.pdb".
Deleting old hot reload file: "C:\dev\IB\Binaries\Win64\UE4Editor-InfinityBlade-8621.dll".
Deleting old hot reload file: "C:\dev\IB\Binaries\Win64\UE4Editor-InfinityBlade-8621.pdb".
Deleting old hot reload file: "C:\dev\IB\Binaries\Win64\UE4Editor-InfinityBladeSetting-4013.dll".
Deleting old hot reload file: "C:\dev\IB\Binaries\Win64\UE4Editor-InfinityBladeSetting-4013.pdb".
Deleting old hot reload file: "C:\dev\IB\Binaries\Win64\UE4Editor-InfinityBladeSetting-7786.dll".
Deleting old hot reload file: "C:\dev\IB\Binaries\Win64\UE4Editor-InfinityBladeSetting-7786.pdb".
Deleting old hot reload file: "C:\dev\IB\Binaries\Win64\UE4Editor-InfinityBladeSetting-8955.dll".
Deleting old hot reload file: "C:\dev\IB\Binaries\Win64\UE4Editor-InfinityBladeSetting-8955.pdb".
Performing 2 actions (4 in parallel)
[1/2] Link UE4Editor-InfinityBlade.dll
[2/2] Link UE4Editor-InfinityBlade.lib
   C:\dev\IB\Intermediate\Build\Win64\UE4Editor\Development\UE4Editor-InfinityBlade.lib ???̺귯?? ?? C:\dev\IB\Intermediate\Build\Win64\UE4Editor\Development\UE4Editor-InfinityBlade.exp ??ü?? ?????ϰ? ?ֽ??ϴ?.
   C:\dev\IB\Intermediate\Build\Win64\UE4Editor\Development\UE4Editor-InfinityBlade.suppressed.lib ???̺귯?? ?? C:\dev\IB\Intermediate\Build\Win64\UE4Editor\Development\UE4Editor-InfinityBlade.suppressed.exp ??ü?? ?????ϰ? ?ֽ??ϴ?.
Deploying InfinityBladeEditor Win64 Development...
Total build time: 4.41 seconds (Local executor: 2.34 seconds)
LogModuleManager: Display: Found up-to-date module file ../../../../../../dev/IB/Binaries/Win64/UE4Editor-InfinityBladeSetting.dll (API version 3944462).
LogModuleManager: Display: Found up-to-date module file ../../../../../../dev/IB/Binaries/Win64/UE4Editor-InfinityBlade.dll (API version 3944462).
LogModuleManager: Display: Found up-to-date module file ../../../Engine/Plugins/2D/Paper2D/Binaries/Win64/UE4Editor-Paper2D.dll (API version 3944462).
LogModuleManager: Display: Found up-to-date module file ../../../Engine/Plugins/2D/Paper2D/Binaries/Win64/UE4Editor-Paper2DEditor.dll (API version 3944462).
LogModuleManager: Display: Found up-to-date module file ../../../Engine/Plugins/2D/Paper2D/Binaries/Win64/UE4Editor-PaperSpriteSheetImporter.dll (API version 3944462).
LogModuleManager: Display: Found up-to-date module file ../../../Engine/Plugins/2D/Paper2D/Binaries/Win64/UE4Editor-PaperTiledImporter.dll (API version 3944462).
LogModuleManager: Display: Found up-to-date module file ../../../Engine/Plugins/2D/Paper2D/Binaries/Win64/UE4Editor-SmartSnapping.dll (API version 3944462).
LogModuleManager: Display: Found up-to-date module file ../../../Engine/Plugins/Animation/LiveLink/Binaries/Win64/UE4Editor-LiveLink.dll (API version 3944462).
LogModuleManager: Display: Found up-to-date module file ../../../Engine/Plugins/Animation/LiveLink/Binaries/Win64/UE4Editor-LiveLinkEditor.dll (API version 3944462).
LogModuleManager: Display: Found up-to-date module file ../../../Engine/Plugins/Blendables/LightPropagationVolume/Binaries/Win64/UE4Editor-LightPropagationVolumeRuntime.dll (API version 3944462).
LogModuleManager: Display: Found up-to-date module file ../../../Engine/Plugins/Blendables/LightPropagationVolume/Binaries/Win64/UE4Editor-LightPropagationVolumeEditor.dll (API version 3944462).
LogModuleManager: Display: Found up-to-date module file ../../../Engine/Plugins/Developer/CLionSourceCodeAccess/Binaries/Win64/UE4Editor-CLionSourceCodeAccess.dll (API version 3944462).
LogModuleManager: Display: Found up-to-date module file ../../../Engine/Plugins/Developer/GitSourceControl/Binaries/Win64/UE4Editor-GitSourceControl.dll (API version 3944462).
LogModuleManager: Display: Found up-to-date module file ../../../Engine/Plugins/Developer/PerforceSourceControl/Binaries/Win64/UE4Editor-PerforceSourceControl.dll (API version 3944462).
LogModuleManager: Display: Found up-to-date module file ../../../Engine/Plugins/Developer/SubversionSourceControl/Binaries/Win64/UE4Editor-SubversionSourceControl.dll (API version 3944462).
LogModuleManager: Display: Found up-to-date module file ../../../Engine/Plugins/Developer/UObjectPlugin/Binaries/Win64/UE4Editor-UObjectPlugin.dll (API version 3944462).
LogModuleManager: Display: Found up-to-date module file ../../../Engine/Plugins/Developer/VisualStudioCodeSourceCodeAccess/Binaries/Win64/UE4Editor-VisualStudioCodeSourceCodeAccess.dll (API version 3944462).
LogModuleManager: Display: Found up-to-date module file ../../../Engine/Plugins/Developer/VisualStudioSourceCodeAccess/Binaries/Win64/UE4Editor-VisualStudioSourceCodeAccess.dll (API version 3944462).
LogModuleManager: Display: Found up-to-date module file ../../../Engine/Plugins/Editor/AssetManagerEditor/Binaries/Win64/UE4Editor-AssetManagerEditor.dll (API version 3944462).
LogModuleManager: Display: Found up-to-date module file ../../../Engine/Plugins/Editor/CryptoKeys/Binaries/Win64/UE4Editor-CryptoKeys.dll (API version 3944462).
LogModuleManager: Display: Found up-to-date module file ../../../Engine/Plugins/Editor/CryptoKeys/Binaries/Win64/UE4Editor-CryptoKeysOpenSSL.dll (API version 3944462).
LogModuleManager: Display: Found up-to-date module file ../../../Engine/Plugins/Editor/DataValidation/Binaries/Win64/UE4Editor-DataValidation.dll (API version 3944462).
LogModuleManager: Display: Found up-to-date module file ../../../Engine/Plugins/Editor/FacialAnimation/Binaries/Win64/UE4Editor-FacialAnimation.dll (API version 3944462).
LogModuleManager: Display: Found up-to-date module file ../../../Engine/Plugins/Editor/FacialAnimation/Binaries/Win64/UE4Editor-FacialAnimationEditor.dll (API version 3944462).
LogModuleManager: Display: Found up-to-date module file ../../../Engine/Plugins/Editor/GameplayTagsEditor/Binaries/Win64/UE4Editor-GameplayTagsEditor.dll (API version 3944462).
LogModuleManager: Display: Found up-to-date module file ../../../Engine/Plugins/Editor/MobileLauncherProfileWizard/Binaries/Win64/UE4Editor-MobileLauncherProfileWizard.dll (API version 3944462).
LogModuleManager: Display: Found up-to-date module file ../../../Engine/Plugins/Editor/PluginBrowser/Binaries/Win64/UE4Editor-PluginBrowser.dll (API version 3944462).
LogModuleManager: Display: Found up-to-date module file ../../../Engine/Plugins/Editor/SpeedTreeImporter/Binaries/Win64/UE4Editor-SpeedTreeImporter.dll (API version 3944462).
LogModuleManager: Display: Found up-to-date module file ../../../Engine/Plugins/Enterprise/DatasmithContent/Binaries/Win64/UE4Editor-DatasmithContent.dll (API version 3944462).
LogModuleManager: Display: Found up-to-date module file ../../../Engine/Plugins/Experimental/AlembicImporter/Binaries/Win64/UE4Editor-AlembicImporter.dll (API version 3944462).
LogModuleManager: Display: Found up-to-date module file ../../../Engine/Plugins/Experimental/AlembicImporter/Binaries/Win64/UE4Editor-AlembicLibrary.dll (API version 3944462).
LogModuleManager: Display: Found up-to-date module file ../../../Engine/Plugins/Experimental/CharacterAI/Binaries/Win64/UE4Editor-CharacterAI.dll (API version 3944462).
LogModuleManager: Display: Found up-to-date module file ../../../Engine/Plugins/Experimental/HTML5Networking/Binaries/Win64/UE4Editor-HTML5Networking.dll (API version 3944462).
LogModuleManager: Display: Found up-to-date module file ../../../Engine/Plugins/Media/AndroidMedia/Binaries/Win64/UE4Editor-AndroidMediaEditor.dll (API version 3944462).
LogModuleManager: Display: Found up-to-date module file ../../../Engine/Plugins/Media/AndroidMedia/Binaries/Win64/UE4Editor-AndroidMediaFactory.dll (API version 3944462).
LogModuleManager: Display: Found up-to-date module file ../../../Engine/Plugins/Media/AvfMedia/Binaries/Win64/UE4Editor-AvfMediaEditor.dll (API version 3944462).
LogModuleManager: Display: Found up-to-date module file ../../../Engine/Plugins/Media/AvfMedia/Binaries/Win64/UE4Editor-AvfMediaFactory.dll (API version 3944462).
LogModuleManager: Display: Found up-to-date module file ../../../Engine/Plugins/Media/AvfMedia/Binaries/Win64/UE4Editor-AvfMediaFactory.dll (API version 3944462).
LogModuleManager: Display: Found up-to-date module file ../../../Engine/Plugins/Media/ImgMedia/Binaries/Win64/UE4Editor-ImgMedia.dll (API version 3944462).
LogModuleManager: Display: Found up-to-date module file ../../../Engine/Plugins/Media/ImgMedia/Binaries/Win64/UE4Editor-ImgMediaEditor.dll (API version 3944462).
LogModuleManager: Display: Found up-to-date module file ../../../Engine/Plugins/Media/ImgMedia/Binaries/Win64/UE4Editor-ImgMediaFactory.dll (API version 3944462).
LogModuleManager: Display: Found up-to-date module file ../../../Engine/Plugins/Media/ImgMedia/Binaries/Win64/UE4Editor-ImgMediaFactory.dll (API version 3944462).
LogModuleManager: Display: Found up-to-date module file ../../../Engine/Plugins/Media/ImgMedia/Binaries/Win64/UE4Editor-OpenExrWrapper.dll (API version 3944462).
LogModuleManager: Display: Found up-to-date module file ../../../Engine/Plugins/Media/LinearTimecode/Binaries/Win64/UE4Editor-LinearTimecode.dll (API version 3944462).
LogModuleManager: Display: Found up-to-date module file ../../../Engine/Plugins/Media/MediaCompositing/Binaries/Win64/UE4Editor-MediaCompositing.dll (API version 3944462).
LogModuleManager: Display: Found up-to-date module file ../../../Engine/Plugins/Media/MediaCompositing/Binaries/Win64/UE4Editor-MediaCompositingEditor.dll (API version 3944462).
LogModuleManager: Display: Found up-to-date module file ../../../Engine/Plugins/Media/MediaPlayerEditor/Binaries/Win64/UE4Editor-MediaPlayerEditor.dll (API version 3944462).
LogModuleManager: Display: Found up-to-date module file ../../../Engine/Plugins/Media/WmfMedia/Binaries/Win64/UE4Editor-WmfMedia.dll (API version 3944462).
LogModuleManager: Display: Found up-to-date module file ../../../Engine/Plugins/Media/WmfMedia/Binaries/Win64/UE4Editor-WmfMediaEditor.dll (API version 3944462).
LogModuleManager: Display: Found up-to-date module file ../../../Engine/Plugins/Media/WmfMedia/Binaries/Win64/UE4Editor-WmfMediaFactory.dll (API version 3944462).
LogModuleManager: Display: Found up-to-date module file ../../../Engine/Plugins/Media/WmfMedia/Binaries/Win64/UE4Editor-WmfMediaFactory.dll (API version 3944462).
LogModuleManager: Display: Found up-to-date module file ../../../Engine/Plugins/Messaging/TcpMessaging/Binaries/Win64/UE4Editor-TcpMessaging.dll (API version 3944462).
LogModuleManager: Display: Found up-to-date module file ../../../Engine/Plugins/Messaging/UdpMessaging/Binaries/Win64/UE4Editor-UdpMessaging.dll (API version 3944462).
LogModuleManager: Display: Found up-to-date module file ../../../Engine/Plugins/MovieScene/ActorSequence/Binaries/Win64/UE4Editor-ActorSequence.dll (API version 3944462).
LogModuleManager: Display: Found up-to-date module file ../../../Engine/Plugins/MovieScene/LevelSequenceEditor/Binaries/Win64/UE4Editor-LevelSequenceEditor.dll (API version 3944462).
LogModuleManager: Display: Found up-to-date module file ../../../Engine/Plugins/MovieScene/MatineeToLevelSequence/Binaries/Win64/UE4Editor-MatineeToLevelSequence.dll (API version 3944462).
LogModuleManager: Display: Found up-to-date module file ../../../Engine/Plugins/NetcodeUnitTest/NetcodeUnitTest/Binaries/Win64/UE4Editor-NetcodeUnitTest.dll (API version 3944462).
LogModuleManager: Display: Found up-to-date module file ../../../Engine/Plugins/NetcodeUnitTest/NUTUnrealEngine4/Binaries/Win64/UE4Editor-NUTUnrealEngine4.dll (API version 3944462).
LogModuleManager: Display: Found up-to-date module file ../../../Engine/Plugins/Online/OnlineSubsystem/Binaries/Win64/UE4Editor-OnlineSubsystem.dll (API version 3944462).
LogModuleManager: Display: Found up-to-date module file ../../../Engine/Plugins/Online/OnlineSubsystemNull/Binaries/Win64/UE4Editor-OnlineSubsystemNull.dll (API version 3944462).
LogModuleManager: Display: Found up-to-date module file ../../../Engine/Plugins/Online/OnlineSubsystemUtils/Binaries/Win64/UE4Editor-OnlineSubsystemUtils.dll (API version 3944462).
LogModuleManager: Display: Found up-to-date module file ../../../Engine/Plugins/Online/OnlineSubsystemUtils/Binaries/Win64/UE4Editor-OnlineBlueprintSupport.dll (API version 3944462).
LogModuleManager: Display: Found up-to-date module file ../../../Engine/Plugins/Runtime/AndroidDeviceProfileSelector/Binaries/Win64/UE4Editor-AndroidDeviceProfileSelector.dll (API version 3944462).
LogModuleManager: Display: Found up-to-date module file ../../../Engine/Plugins/Runtime/AndroidPermission/Binaries/Win64/UE4Editor-AndroidPermission.dll (API version 3944462).
LogModuleManager: Display: Found up-to-date module file ../../../Engine/Plugins/Runtime/AppleARKit/Binaries/Win64/UE4Editor-AppleARKit.dll (API version 3944462).
LogModuleManager: Display: Found up-to-date module file ../../../Engine/Plugins/Runtime/ArchVisCharacter/Binaries/Win64/UE4Editor-ArchVisCharacter.dll (API version 3944462).
LogModuleManager: Display: Found up-to-date module file ../../../Engine/Plugins/Runtime/AudioCapture/Binaries/Win64/UE4Editor-AudioCapture.dll (API version 3944462).
LogModuleManager: Display: Found up-to-date module file ../../../Engine/Plugins/Runtime/AudioCapture/Binaries/Win64/UE4Editor-AudioCaptureEditor.dll (API version 3944462).
LogModuleManager: Display: Found up-to-date module file ../../../Engine/Plugins/Runtime/CableComponent/Binaries/Win64/UE4Editor-CableComponent.dll (API version 3944462).
LogModuleManager: Display: Found up-to-date module file ../../../Engine/Plugins/Runtime/CustomMeshComponent/Binaries/Win64/UE4Editor-CustomMeshComponent.dll (API version 3944462).
LogModuleManager: Display: Found up-to-date module file ../../../Engine/Plugins/Runtime/ExampleDeviceProfileSelector/Binaries/Win64/UE4Editor-ExampleDeviceProfileSelector.dll (API version 3944462).
LogModuleManager: Display: Found up-to-date module file ../../../Engine/Plugins/Runtime/ImmediatePhysics/Binaries/Win64/UE4Editor-ImmediatePhysics.dll (API version 3944462).
LogModuleManager: Display: Found up-to-date module file ../../../Engine/Plugins/Runtime/ImmediatePhysics/Binaries/Win64/UE4Editor-ImmediatePhysicsEditor.dll (API version 3944462).
LogModuleManager: Display: Found up-to-date module file ../../../Engine/Plugins/Runtime/LocationServicesBPLibrary/Binaries/Win64/UE4Editor-LocationServicesBPLibrary.dll (API version 3944462).
LogModuleManager: Display: Found up-to-date module file ../../../Engine/Plugins/Runtime/MobilePatchingUtils/Binaries/Win64/UE4Editor-MobilePatchingUtils.dll (API version 3944462).
LogModuleManager: Display: Found up-to-date module file ../../../Engine/Plugins/Runtime/Oculus/OculusVR/Binaries/Win64/UE4Editor-OculusHMD.dll (API version 3944462).
LogModuleManager: Display: Found up-to-date module file ../../../Engine/Plugins/Runtime/Oculus/OculusVR/Binaries/Win64/UE4Editor-OculusInput.dll (API version 3944462).
LogModuleManager: Display: Found up-to-date module file ../../../Engine/Plugins/Runtime/Oculus/OculusVR/Binaries/Win64/UE4Editor-OculusEditor.dll (API version 3944462).
LogModuleManager: Display: Found up-to-date module file ../../../Engine/Plugins/Runtime/PhysXVehicles/Binaries/Win64/UE4Editor-PhysXVehicles.dll (API version 3944462).
LogModuleManager: Display: Found up-to-date module file ../../../Engine/Plugins/Runtime/PhysXVehicles/Binaries/Win64/UE4Editor-PhysXVehiclesEditor.dll (API version 3944462).
LogModuleManager: Display: Found up-to-date module file ../../../Engine/Plugins/Runtime/ProceduralMeshComponent/Binaries/Win64/UE4Editor-ProceduralMeshComponent.dll (API version 3944462).
LogModuleManager: Display: Found up-to-date module file ../../../Engine/Plugins/Runtime/ProceduralMeshComponent/Binaries/Win64/UE4Editor-ProceduralMeshComponentEditor.dll (API version 3944462).
LogModuleManager: Display: Found up-to-date module file ../../../Engine/Plugins/Runtime/RuntimePhysXCooking/Binaries/Win64/UE4Editor-RuntimePhysXCooking.dll (API version 3944462).
LogModuleManager: Display: Found up-to-date module file ../../../Engine/Plugins/Runtime/Steam/SteamVR/Binaries/Win64/UE4Editor-SteamVR.dll (API version 3944462).
LogModuleManager: Display: Found up-to-date module file ../../../Engine/Plugins/Runtime/Steam/SteamVR/Binaries/Win64/UE4Editor-SteamVRController.dll (API version 3944462).
LogModuleManager: Display: Found up-to-date module file ../../../Engine/Plugins/Runtime/WindowsMoviePlayer/Binaries/Win64/UE4Editor-WindowsMoviePlayer.dll (API version 3944462).
LogInit: Using libcurl 7.47.1
LogInit:  - built for x86_64-pc-win32
LogInit:  - supports SSL with OpenSSL/1.0.2g
LogInit:  - supports HTTP deflate (compression) using libz 1.2.8
LogInit:  - other features:
LogInit:      CURL_VERSION_SSL
LogInit:      CURL_VERSION_LIBZ
LogInit:      CURL_VERSION_IPV6
LogInit:      CURL_VERSION_ASYNCHDNS
LogInit:      CURL_VERSION_LARGEFILE
LogInit:      CURL_VERSION_IDN
LogInit:  CurlRequestOptions (configurable via config and command line):
LogInit:  - bVerifyPeer = false  - Libcurl will NOT verify peer certificate
LogInit:  - bUseHttpProxy = false  - Libcurl will NOT use HTTP proxy
LogInit:  - bDontReuseConnections = false  - Libcurl will reuse connections
LogInit:  - CertBundlePath = nullptr  - Libcurl will use whatever was configured at build time.
LogInit:  - MaxHostConnections = 16  - Libcurl will limit the number of connections to a host
LogInit:  - LocalHostAddr = Default
LogInit: WinSock: version 1.1 (2.2), MaxSocks=32767, MaxUdp=65467
LogInit: WinSock: I am DESKTOP-2UPP01C (192.168.0.88:0)
LogInit: Build: ++UE4+Release-4.19-CL-4033788
LogInit: Engine Version: 4.19.2-4033788+++UE4+Release-4.19
LogInit: Compatible Engine Version: 4.19.0-3944462+++UE4+Release-4.19
LogInit: Net CL: 3944462
LogDevObjectVersion: Number of dev versions registered: 18
LogDevObjectVersion:   Dev-Blueprints (B0D832E4-1F89-4F0D-ACCF-7EB736FD4AA2): 10
LogDevObjectVersion:   Dev-Build (E1C64328-A22C-4D53-A36C-8E866417BD8C): 0
LogDevObjectVersion:   Dev-Core (375EC13C-06E4-48FB-B500-84F0262A717E): 2
LogDevObjectVersion:   Dev-Editor (E4B068ED-F494-42E9-A231-DA0B2E46BB41): 23
LogDevObjectVersion:   Dev-Framework (CFFC743F-43B0-4480-9391-14DF171D2073): 33
LogDevObjectVersion:   Dev-Mobile (B02B49B5-BB20-44E9-A304-32B752E40360): 2
LogDevObjectVersion:   Dev-Networking (A4E4105C-59A1-49B5-A7C5-40C4547EDFEE): 0
LogDevObjectVersion:   Dev-Online (39C831C9-5AE6-47DC-9A44-9C173E1C8E7C): 0
LogDevObjectVersion:   Dev-Physics (78F01B33-EBEA-4F98-B9B4-84EACCB95AA2): 0
LogDevObjectVersion:   Dev-Platform (6631380F-2D4D-43E0-8009-CF276956A95A): 0
LogDevObjectVersion:   Dev-Rendering (12F88B9F-8875-4AFC-A67C-D90C383ABD29): 25
LogDevObjectVersion:   Dev-Sequencer (7B5AE74C-D270-4C10-A958-57980B212A5A): 6
LogDevObjectVersion:   Dev-VR (D7296918-1DD6-4BDD-9DE2-64A83CC13884): 1
LogDevObjectVersion:   Dev-LoadTimes (C2A15278-BFE7-4AFE-6C17-90FF531DF755): 1
LogDevObjectVersion:   Private-Geometry (6EACA3D4-40EC-4CC1-B786-8BED09428FC5): 2
LogDevObjectVersion:   Dev-AnimPhys (29E575DD-E0A3-4627-9D10-D276232CDCEA): 16
LogDevObjectVersion:   Dev-ReflectionCapture (6B266CEC-1EC7-4B8F-A30B-E4D90942FC07): 1
LogDevObjectVersion:   Dev-Automation (0DF73D61-A23F-47EA-B727-89E90C41499A): 1
LogInit: Compiled (64-bit): Apr 27 2018 02:06:57
LogInit: Compiled with Visual C++: 19.00.24215.01
LogInit: Build Configuration: Development
LogInit: Branch Name: ++UE4+Release-4.19
LogInit: Command Line: 
LogInit: Base Directory: C:/Program Files/Epic Games/UE_4.19/Engine/Binaries/Win64/
LogInit: Installed Engine Build: 1
LogStreaming: Display: Took  0.010s to delete old logs.
LogInit: Presizing for max 8388607 objects, including 0 objects not considered by GC, pre-allocating 0 bytes for permanent pool.
LogInit: Object subsystem initialized
[2020.04.13-07.17.26:201][  0]LogInit: Selected Device Profile: [Windows]
[2020.04.13-07.17.26:201][  0]LogInit: Applying CVar settings loaded from the selected device profile: [Windows]
[2020.04.13-07.17.26:217][  0]LogInit: Computer: DESKTOP-2UPP01C
[2020.04.13-07.17.26:217][  0]LogInit: User: pth08
[2020.04.13-07.17.26:217][  0]LogInit: CPU Page size=4096, Cores=4
[2020.04.13-07.17.26:217][  0]LogInit: High frequency timer resolution =10.000000 MHz
[2020.04.13-07.17.26:218][  0]LogMemory: Memory total: Physical=15.9GB (16GB approx)
[2020.04.13-07.17.26:218][  0]LogMemory: Platform Memory Stats for Windows
[2020.04.13-07.17.26:218][  0]LogMemory: Process Physical Memory: 285.16 MB used, 285.16 MB peak
[2020.04.13-07.17.26:218][  0]LogMemory: Process Virtual Memory: 265.62 MB used, 265.62 MB peak
[2020.04.13-07.17.26:218][  0]LogMemory: Physical Memory: 8436.56 MB used,  7862.73 MB free, 16299.29 MB total
[2020.04.13-07.17.26:218][  0]LogMemory: Virtual Memory: 4830.16 MB used,  7862.73 MB free, 134217728.00 MB total
[2020.04.13-07.17.26:247][  0]LogInit: Using OS detected language (ko-KR).
[2020.04.13-07.17.26:247][  0]LogInit: Using OS detected locale (ko-KR).
[2020.04.13-07.17.26:252][  0]LogTextLocalizationManager: No specific localization for 'ko-KR' exists, so the 'ko' localization will be used.
[2020.04.13-07.17.26:669][  0]LogStreaming: Display: Took  0.422s to EndInitTextLocalization.
[2020.04.13-07.17.26:669][  0]LogInit: Setting process to per monitor DPI aware
[2020.04.13-07.17.26:789][  0]LogSlate: New Slate User Created.  User Index 0, Is Virtual User: 0
[2020.04.13-07.17.26:789][  0]LogSlate: Slate User Registered.  User Index 0, Is Virtual User: 0
[2020.04.13-07.17.27:258][  0]LogD3D11RHI: D3D11 adapters:
[2020.04.13-07.17.27:277][  0]LogD3D11RHI:    0. 'Intel(R) UHD Graphics 620' (Feature Level 11_0)
[2020.04.13-07.17.27:277][  0]LogD3D11RHI:       128/0/8149 MB DedicatedVideo/DedicatedSystem/SharedSystem, Outputs:2, VendorId:0x8086
[2020.04.13-07.17.28:573][  0]LogD3D11RHI:    1. 'Radeon(TM) 540 Graphics' (Feature Level 11_0)
[2020.04.13-07.17.28:573][  0]LogD3D11RHI:       1995/0/8149 MB DedicatedVideo/DedicatedSystem/SharedSystem, Outputs:0, VendorId:0x1002
[2020.04.13-07.17.28:578][  0]LogD3D11RHI:    2. 'Microsoft Basic Render Driver' (Feature Level 11_0)
[2020.04.13-07.17.28:578][  0]LogD3D11RHI:       0/0/8149 MB DedicatedVideo/DedicatedSystem/SharedSystem, Outputs:0, VendorId:0x1414
[2020.04.13-07.17.28:578][  0]LogD3D11RHI: Chosen D3D11 Adapter: 1
[2020.04.13-07.17.28:592][  0]LogD3D11RHI: Creating new Direct3DDevice
[2020.04.13-07.17.28:592][  0]LogD3D11RHI:     GPU DeviceId: 0x699f (for the marketing name, search the web for "GPU Device Id")
[2020.04.13-07.17.28:592][  0]LogWindows: EnumDisplayDevices:
[2020.04.13-07.17.28:592][  0]LogWindows:    0. 'Intel(R) UHD Graphics 620' (P:0 D:1)
[2020.04.13-07.17.28:594][  0]LogWindows:    1. 'Intel(R) UHD Graphics 620' (P:1 D:1)
[2020.04.13-07.17.28:595][  0]LogWindows:    2. 'Intel(R) UHD Graphics 620' (P:0 D:0)
[2020.04.13-07.17.28:596][  0]LogWindows:    3. 'Radeon(TM) 540 Graphics' (P:0 D:0)
[2020.04.13-07.17.28:596][  0]LogWindows:    4. 'Radeon(TM) 540 Graphics' (P:0 D:0)
[2020.04.13-07.17.28:597][  0]LogWindows:    5. 'Radeon(TM) 540 Graphics' (P:0 D:0)
[2020.04.13-07.17.28:598][  0]LogWindows:    6. 'Radeon(TM) 540 Graphics' (P:0 D:0)
[2020.04.13-07.17.28:599][  0]LogWindows:    7. 'Radeon(TM) 540 Graphics' (P:0 D:0)
[2020.04.13-07.17.28:600][  0]LogWindows:    8. 'Radeon(TM) 540 Graphics' (P:0 D:0)
[2020.04.13-07.17.28:602][  0]LogWindows:    9. 'Radeon(TM) 540 Graphics' (P:0 D:0)
[2020.04.13-07.17.28:603][  0]LogWindows:    10. 'Radeon(TM) 540 Graphics' (P:0 D:0)
[2020.04.13-07.17.28:604][  0]LogWindows:    11. 'Radeon(TM) 540 Graphics' (P:0 D:0)
[2020.04.13-07.17.28:605][  0]LogWindows:    12. 'Radeon(TM) 540 Graphics' (P:0 D:0)
[2020.04.13-07.17.28:606][  0]LogWindows:    13. 'Radeon(TM) 540 Graphics' (P:0 D:0)
[2020.04.13-07.17.28:606][  0]LogWindows:    14. 'Radeon(TM) 540 Graphics' (P:0 D:0)
[2020.04.13-07.17.28:607][  0]LogWindows:    15. 'Radeon(TM) 540 Graphics' (P:0 D:0)
[2020.04.13-07.17.28:608][  0]LogWindows:    16. 'Radeon(TM) 540 Graphics' (P:0 D:0)
[2020.04.13-07.17.28:609][  0]LogWindows:    17. 'Radeon(TM) 540 Graphics' (P:0 D:0)
[2020.04.13-07.17.28:610][  0]LogWindows:    18. 'Radeon(TM) 540 Graphics' (P:0 D:0)
[2020.04.13-07.17.28:611][  0]LogWindows: DebugString: GetVideoDriverDetailsInvalid PrimaryIsNotTheChoosenAdapter GetVideoDriverDetailsInvalid PrimaryIsNotTheChoosenAdapter GetVideoDriverDetailsInvalid PrimaryIsNotTheChoosenAdapter GetVideoDriverDetailsInvalid PrimaryIsNotTheChoosenAdapter GetVideoDriverDetailsInvalid PrimaryIsNotTheChoosenAdapter GetVideoDriverDetailsInvalid PrimaryIsNotTheChoosenAdapter GetVideoDriverDetailsInvalid PrimaryIsNotTheChoosenAdapter GetVideoDriverDetailsInvalid PrimaryIsNotTheChoosenAdapter GetVideoDriverDetailsInvalid PrimaryIsNotTheChoosenAdapter GetVideoDriverDetailsInvalid PrimaryIsNotTheChoosenAdapter GetVideoDriverDetailsInvalid PrimaryIsNotTheChoosenAdapter GetVideoDriverDetailsInvalid PrimaryIsNotTheChoosenAdapter GetVideoDriverDetailsInvalid PrimaryIsNotTheChoosenAdapter GetVideoDriverDetailsInvalid PrimaryIsNotTheChoosenAdapter GetVideoDriverDetailsInvalid PrimaryIsNotTheChoosenAdapter GetVideoDriverDetailsInvalid PrimaryIsNotTheChoosenAdapter GetVideoDriverDetailsInvalid PrimaryIsNotTheChoosenAdapter GetVideoDriverDetailsInvalid PrimaryIsNotTheChoosenAdapter GetVideoDriverDetailsInvalid PrimaryIsNotTheChoosenAdapter FoundDriverCount:0 
[2020.04.13-07.17.28:611][  0]LogD3D11RHI:     Adapter Name: Radeon(TM) 540 Graphics
[2020.04.13-07.17.28:611][  0]LogD3D11RHI:   Driver Version: Unknown (internal:Unknown, unified:Unknown)
[2020.04.13-07.17.28:611][  0]LogD3D11RHI:      Driver Date: Unknown
[2020.04.13-07.17.28:611][  0]LogRHI: Texture pool is 1396 MB (70% of 1995 MB)
[2020.04.13-07.17.28:799][  0]LogD3D11RHI: Async texture creation enabled
[2020.04.13-07.17.28:811][  0]LogD3D11RHI: GPU Timing Frequency: 25.000000 (Debug: 2 1)
[2020.04.13-07.17.28:813][  0]LogShaderCompilers: Guid format shader working directory is 21 characters bigger than the processId version (../../../../../../dev/IB/Intermediate/Shaders/WorkingDirectory/18580/).
[2020.04.13-07.17.28:813][  0]LogShaderCompilers: Cleaned the shader compiler working directory 'C:/Users/pth08/AppData/Local/Temp/UnrealShaderWorkingDir/D8AAB97F4E29ADA8523A34904CFAA3E7/'.
[2020.04.13-07.17.29:305][  0]LogTemp: Display: Loaded TP AllDesktopTargetPlatform
[2020.04.13-07.17.29:326][  0]LogTemp: Display: Loaded TP MacClientTargetPlatform
[2020.04.13-07.17.29:352][  0]LogTemp: Display: Loaded TP MacNoEditorTargetPlatform
[2020.04.13-07.17.29:378][  0]LogTemp: Display: Loaded TP MacServerTargetPlatform
[2020.04.13-07.17.29:405][  0]LogTemp: Display: Loaded TP MacTargetPlatform
[2020.04.13-07.17.29:434][  0]LogTemp: Display: Loaded TP WindowsClientTargetPlatform
[2020.04.13-07.17.29:460][  0]LogTemp: Display: Loaded TP WindowsNoEditorTargetPlatform
[2020.04.13-07.17.29:488][  0]LogTemp: Display: Loaded TP WindowsServerTargetPlatform
[2020.04.13-07.17.29:504][  0]LogTemp: Display: Loaded TP WindowsTargetPlatform
[2020.04.13-07.17.29:529][  0]LogTemp: Display: Loaded TP Android_ASTCTargetPlatform
[2020.04.13-07.17.29:549][  0]LogTemp: Display: Loaded TP Android_ATCTargetPlatform
[2020.04.13-07.17.29:572][  0]LogTemp: Display: Loaded TP Android_DXTTargetPlatform
[2020.04.13-07.17.29:597][  0]LogTemp: Display: Loaded TP Android_ETC1aTargetPlatform
[2020.04.13-07.17.29:618][  0]LogTemp: Display: Loaded TP Android_ETC1TargetPlatform
[2020.04.13-07.17.29:644][  0]LogTemp: Display: Loaded TP Android_ETC2TargetPlatform
[2020.04.13-07.17.29:690][  0]LogTemp: Display: Loaded TP Android_MultiTargetPlatform
[2020.04.13-07.17.29:690][  0]LogTemp: Display: Loaded TP Android_PVRTCTargetPlatform
[2020.04.13-07.17.29:712][  0]LogTemp: Display: Loaded TP AndroidTargetPlatform
[2020.04.13-07.17.29:716][  0]LogTemp: Display: Loaded TP HTML5TargetPlatform
[2020.04.13-07.17.29:768][  0]LogTemp: Display: Loaded TP IOSTargetPlatform
[2020.04.13-07.17.29:792][  0]LogTemp: Display: Loaded TP TVOSTargetPlatform
[2020.04.13-07.17.29:815][  0]LogTemp: Display: Loaded TP LinuxClientTargetPlatform
[2020.04.13-07.17.29:838][  0]LogTemp: Display: Loaded TP LinuxNoEditorTargetPlatform
[2020.04.13-07.17.29:859][  0]LogTemp: Display: Loaded TP LinuxServerTargetPlatform
[2020.04.13-07.17.29:884][  0]LogTemp: Display: Loaded TP LinuxTargetPlatform
[2020.04.13-07.17.29:885][  0]LogTargetPlatformManager: Display: Building Assets For Windows
[2020.04.13-07.17.30:190][  0]LogXGEController: Cannot use XGE Controller as Incredibuild is not installed on this machine.
[2020.04.13-07.17.30:191][  0]LogShaderCompilers: Cannot use XGE Shader Compiler as Incredibuild is not installed on this machine.
[2020.04.13-07.17.30:191][  0]LogShaderCompilers: Display: Using Local Shader Compiler.
[2020.04.13-07.17.31:811][  0]LogDerivedDataCache: Display: Max Cache Size: 512 MB
[2020.04.13-07.17.31:912][  0]LogDerivedDataCache: Loaded boot cache 0.10s 96MB C:/Users/pth08/AppData/Local/UnrealEngine/4.19/DerivedDataCache/Boot.ddc.
[2020.04.13-07.17.31:912][  0]LogDerivedDataCache: Display: Loaded Boot cache: C:/Users/pth08/AppData/Local/UnrealEngine/4.19/DerivedDataCache/Boot.ddc
[2020.04.13-07.17.31:912][  0]LogDerivedDataCache: FDerivedDataBackendGraph:  Pak pak cache file ../../../../../../dev/IB/DerivedDataCache/DDC.ddp not found, will not use a pak cache.
[2020.04.13-07.17.31:912][  0]LogDerivedDataCache: Unable to find inner node Pak for hierarchical cache Hierarchy.
[2020.04.13-07.17.31:912][  0]LogDerivedDataCache: FDerivedDataBackendGraph:  CompressedPak pak cache file ../../../../../../dev/IB/DerivedDataCache/Compressed.ddp not found, will not use a pak cache.
[2020.04.13-07.17.31:912][  0]LogDerivedDataCache: Unable to find inner node CompressedPak for hierarchical cache Hierarchy.
[2020.04.13-07.17.31:933][  0]LogDerivedDataCache: Display: Pak cache opened for reading ../../../Engine/DerivedDataCache/Compressed.ddp.
[2020.04.13-07.17.31:946][  0]LogDerivedDataCache: Using Local data cache path C:/Users/pth08/AppData/Local/UnrealEngine/Common/DerivedDataCache: Writable
[2020.04.13-07.17.31:946][  0]LogDerivedDataCache: Shared data cache path not found in *engine.ini, will not use an Shared cache.
[2020.04.13-07.17.31:946][  0]LogDerivedDataCache: Unable to find inner node Shared for hierarchical cache Hierarchy.
[2020.04.13-07.17.31:960][  0]LogMaterial: Verifying Global Shaders for PCD3D_SM5
[2020.04.13-07.17.31:961][  0]LogSlate: Using Freetype 2.6.0
[2020.04.13-07.17.31:962][  0]LogSlate: SlateFontCache - WITH_FREETYPE: 1, WITH_HARFBUZZ: 1
[2020.04.13-07.17.31:962][  0]LogSlate: SlateFontCache - WITH_FREETYPE: 1, WITH_HARFBUZZ: 1
[2020.04.13-07.17.32:208][  0]LogAssetRegistry: FAssetRegistry took 0.0300 seconds to start up
[2020.04.13-07.17.32:837][  0]LogInit: Selected Device Profile: [Windows]
[2020.04.13-07.17.33:089][  0]LogSimplygon: Simplygon DLL not present - disabling.
[2020.04.13-07.17.33:094][  0]LogMeshReduction: Using SimplygonSwarm for distributed automatic mesh merging
[2020.04.13-07.17.33:094][  0]LogMeshReduction: Using QuadricMeshReduction for automatic static mesh reduction
[2020.04.13-07.17.33:094][  0]LogMeshReduction: No automatic skeletal mesh reduction module available
[2020.04.13-07.17.33:094][  0]LogMeshReduction: No automatic mesh merging module available
[2020.04.13-07.17.33:094][  0]LogMeshMerging: No automatic mesh merging module available
[2020.04.13-07.17.33:154][  0]LogNetVersion: InfinityBlade , NetCL: 3944462, EngineNetVer: 2, GameNetVer: 0 (Checksum: 376743747)
[2020.04.13-07.17.33:711][  0]LogPackageLocalizationCache: Processed 9 localized package path(s) for 2 prioritized culture(s) in 0.094871 seconds
[2020.04.13-07.17.33:718][  0]LogUObjectArray: 36728 objects as part of root set at end of initial load.
[2020.04.13-07.17.33:718][  0]LogUObjectAllocator: 7314312 out of 0 bytes used by permanent object pool.
[2020.04.13-07.17.33:718][  0]LogUObjectArray: CloseDisregardForGC: 0/0 objects in disregard for GC pool
[2020.04.13-07.17.36:017][  0]LogTcpMessaging: Initializing TcpMessaging bridge
[2020.04.13-07.17.36:061][  0]LogUdpMessaging: Initializing bridge on interface 0.0.0.0:0 to multicast group 230.0.0.1:6666.
[2020.04.13-07.17.36:462][  0]LogSkeletalMesh: Skeletal Mesh found in DDC [0.153800ms] /Game/InfinityBladeAdversaries/Enemy/Enemy_Great_Spider/SK_Greater_Spider.SK_Greater_Spider
[2020.04.13-07.17.36:498][  0]LogUObjectGlobals: Created PersistentFrame Addr=0x0000024478a19838, Size=8, Default__GreaterSpiderAnimBlueprint_C Function /Game/dev/Enemy/Animation/GreaterSpiderAnimBlueprint.GreaterSpiderAnimBlueprint_C:ExecuteUbergraph_GreaterSpiderAnimBlueprint
[2020.04.13-07.17.36:503][  0]LogUObjectGlobals: Destroyed PersistentFrame Addr=0x0000024478a19838, Size=8
[2020.04.13-07.17.36:503][  0]LogUObjectGlobals: Created PersistentFrame Addr=0x0000024478a19838, Size=8, Default__GreaterSpiderAnimBlueprint_C Function /Engine/Transient.REINST_GreaterSpiderAnimBlueprint_C_0:ExecuteUbergraph_GreaterSpiderAnimBlueprint
[2020.04.13-07.17.36:508][  0]LogUObjectGlobals: Created PersistentFrame Addr=0x0000024478a19700, Size=8, Default__GreaterSpiderAnimBlueprint_C Function /Game/dev/Enemy/Animation/GreaterSpiderAnimBlueprint.GreaterSpiderAnimBlueprint_C:ExecuteUbergraph_GreaterSpiderAnimBlueprint
[2020.04.13-07.17.36:622][  0]LogSkeletalMesh: Skeletal Mesh found in DDC [0.399900ms] /Game/InfinityBladeWarriors/Character/CompleteCharacters/SK_CharM_Bladed.SK_CharM_Bladed
[2020.04.13-07.17.36:647][  0]LogUObjectGlobals: Created PersistentFrame Addr=0x00000244785a1138, Size=20, Default__WarriorAnimBlueprint_C Function /Game/Book/Animations/WarriorAnimBlueprint.WarriorAnimBlueprint_C:ExecuteUbergraph_WarriorAnimBlueprint
[2020.04.13-07.17.36:656][  0]LogUObjectGlobals: Destroyed PersistentFrame Addr=0x00000244785a1138, Size=20
[2020.04.13-07.17.36:657][  0]LogUObjectGlobals: Created PersistentFrame Addr=0x00000244785a1138, Size=20, Default__WarriorAnimBlueprint_C Function /Engine/Transient.REINST_WarriorAnimBlueprint_C_1:ExecuteUbergraph_WarriorAnimBlueprint
[2020.04.13-07.17.36:671][  0]LogUObjectGlobals: Created PersistentFrame Addr=0x0000024485675438, Size=20, Default__WarriorAnimBlueprint_C Function /Game/Book/Animations/WarriorAnimBlueprint.WarriorAnimBlueprint_C:ExecuteUbergraph_WarriorAnimBlueprint
[2020.04.13-07.17.36:848][  0]InfinityBlade: Warning: AIBCharacter::AIBCharacter(133)Character Asset : /Game/InfinityBladeWarriors/Character/CompleteCharacters/SK_CharM_Barbarous.SK_CharM_Barbarous
[2020.04.13-07.17.36:848][  0]InfinityBlade: Warning: AIBCharacter::AIBCharacter(133)Character Asset : /Game/InfinityBladeWarriors/Character/CompleteCharacters/sk_CharM_Base.sk_CharM_Base
[2020.04.13-07.17.36:848][  0]InfinityBlade: Warning: AIBCharacter::AIBCharacter(133)Character Asset : /Game/InfinityBladeWarriors/Character/CompleteCharacters/SK_CharM_Bladed.SK_CharM_Bladed
[2020.04.13-07.17.36:848][  0]InfinityBlade: Warning: AIBCharacter::AIBCharacter(133)Character Asset : /Game/InfinityBladeWarriors/Character/CompleteCharacters/SK_CharM_Cardboard.SK_CharM_Cardboard
[2020.04.13-07.17.36:848][  0]InfinityBlade: Warning: AIBCharacter::AIBCharacter(133)Character Asset : /Game/InfinityBladeWarriors/Character/CompleteCharacters/SK_CharM_Forge.SK_CharM_Forge
[2020.04.13-07.17.36:848][  0]InfinityBlade: Warning: AIBCharacter::AIBCharacter(133)Character Asset : /Game/InfinityBladeWarriors/Character/CompleteCharacters/SK_CharM_FrostGiant.SK_CharM_FrostGiant
[2020.04.13-07.17.36:848][  0]InfinityBlade: Warning: AIBCharacter::AIBCharacter(133)Character Asset : /Game/InfinityBladeWarriors/Character/CompleteCharacters/SK_CharM_Golden.SK_CharM_Golden
[2020.04.13-07.17.36:848][  0]InfinityBlade: Warning: AIBCharacter::AIBCharacter(133)Character Asset : /Game/InfinityBladeWarriors/Character/CompleteCharacters/SK_CharM_Natural.SK_CharM_Natural
[2020.04.13-07.17.36:848][  0]InfinityBlade: Warning: AIBCharacter::AIBCharacter(133)Character Asset : /Game/InfinityBladeWarriors/Character/CompleteCharacters/SK_CharM_Pit.SK_CharM_Pit
[2020.04.13-07.17.36:848][  0]InfinityBlade: Warning: AIBCharacter::AIBCharacter(133)Character Asset : /Game/InfinityBladeWarriors/Character/CompleteCharacters/SK_CharM_Ragged0.SK_CharM_Ragged0
[2020.04.13-07.17.36:848][  0]InfinityBlade: Warning: AIBCharacter::AIBCharacter(133)Character Asset : /Game/InfinityBladeWarriors/Character/CompleteCharacters/SK_CharM_RaggedElite.SK_CharM_RaggedElite
[2020.04.13-07.17.36:848][  0]InfinityBlade: Warning: AIBCharacter::AIBCharacter(133)Character Asset : /Game/InfinityBladeWarriors/Character/CompleteCharacters/SK_CharM_Ram.SK_CharM_Ram
[2020.04.13-07.17.36:848][  0]InfinityBlade: Warning: AIBCharacter::AIBCharacter(133)Character Asset : /Game/InfinityBladeWarriors/Character/CompleteCharacters/SK_CharM_Robo.SK_CharM_Robo
[2020.04.13-07.17.36:848][  0]InfinityBlade: Warning: AIBCharacter::AIBCharacter(133)Character Asset : /Game/InfinityBladeWarriors/Character/CompleteCharacters/SK_CharM_Shell.SK_CharM_Shell
[2020.04.13-07.17.36:848][  0]InfinityBlade: Warning: AIBCharacter::AIBCharacter(133)Character Asset : /Game/InfinityBladeWarriors/Character/CompleteCharacters/SK_CharM_solid.SK_CharM_solid
[2020.04.13-07.17.36:848][  0]InfinityBlade: Warning: AIBCharacter::AIBCharacter(133)Character Asset : /Game/InfinityBladeWarriors/Character/CompleteCharacters/SK_CharM_Standard.SK_CharM_Standard
[2020.04.13-07.17.36:848][  0]InfinityBlade: Warning: AIBCharacter::AIBCharacter(133)Character Asset : /Game/InfinityBladeWarriors/Character/CompleteCharacters/SK_CharM_Tusk.SK_CharM_Tusk
[2020.04.13-07.17.36:848][  0]InfinityBlade: Warning: AIBCharacter::AIBCharacter(133)Character Asset : /Game/InfinityBladeWarriors/Character/CompleteCharacters/SK_CharM_Warrior.SK_CharM_Warrior
[2020.04.13-07.17.36:878][  0]LogSkeletalMesh: Skeletal Mesh found in DDC [0.062500ms] /Game/InfinityBladeWeapons/Weapons/Blade/Swords/Blade_HeroSword17/SK_Blade_HeroSword17.SK_Blade_HeroSword17
[2020.04.13-07.17.36:917][  0]LogSkeletalMesh: Skeletal Mesh found in DDC [0.259800ms] /Game/InfinityBladeWarriors/Character/CompleteCharacters/SK_CharM_Cardboard.SK_CharM_Cardboard
[2020.04.13-07.17.37:074][  0]LogSkeletalMesh: Skeletal Mesh found in DDC [0.056200ms] /Game/InfinityBladeWeapons/Weapons/Blade/Swords/Blade_HeroSword22/SK_Blade_HeroSword22.SK_Blade_HeroSword22
[2020.04.13-07.17.37:123][  0]LogSkeletalMesh: Skeletal Mesh found in DDC [0.173300ms] /Game/InfinityBladeAdversaries/Enemy/Enemy_Wolf/SK_Enemy_Wolf_Armored.SK_Enemy_Wolf_Armored
[2020.04.13-07.17.37:387][  0]SourceControl: 소스 콘트롤이 꺼졌습니다.
[2020.04.13-07.17.37:387][  0]SourceControl: 소스 콘트롤이 꺼졌습니다.
[2020.04.13-07.17.37:415][  0]SourceControl: 소스 콘트롤이 꺼졌습니다.
[2020.04.13-07.17.37:443][  0]SourceControl: 소스 콘트롤이 꺼졌습니다.
[2020.04.13-07.17.38:149][  0]LogAndroidPermission: UAndroidPermissionCallbackProxy::GetInstance
[2020.04.13-07.17.39:164][  0]LogOcInput: OculusInput pre-init called
[2020.04.13-07.17.39:341][  0]LogEngine: Initializing Engine...
[2020.04.13-07.17.39:343][  0]LogHMD: Failed to initialize OpenVR with code 110
[2020.04.13-07.17.39:346][  0]LogStats: UGameplayTagsManager::ConstructGameplayTagTree: Construct from data asset -  0.000 s
[2020.04.13-07.17.39:346][  0]LogStats: UGameplayTagsManager::ConstructGameplayTagTree: GameplayTagTreeChangedEvent.Broadcast -  0.000 s
[2020.04.13-07.17.39:617][  0]LogAIModule: Creating AISystem for world Untitled
[2020.04.13-07.17.40:122][  0]LogInit: XAudio2 using '헤드폰(Realtek(R) Audio)' : 2 channels at 48 kHz using 16 bits per sample (channel mask 0x3)
[2020.04.13-07.17.40:365][  0]LogInit: FAudioDevice initialized.
[2020.04.13-07.17.40:449][  0]LogDerivedDataCache: Saved boot cache 0.08s 96MB C:/Users/pth08/AppData/Local/UnrealEngine/4.19/DerivedDataCache/Boot.ddc.
[2020.04.13-07.17.40:466][  0]LogInit: Texture streaming: Enabled
[2020.04.13-07.17.40:501][  0]LogEngineSessionManager: EngineSessionManager initialized
[2020.04.13-07.17.40:524][  0]LogInit: Transaction tracking system initialized
[2020.04.13-07.17.40:570][  0]BlueprintLog: New page: 에디터 로드
[2020.04.13-07.17.40:715][  0]LocalizationService: 현지화 서비스가 비활성화되었습니다.
[2020.04.13-07.17.41:324][  0]LogConsoleResponse: Display: 
[2020.04.13-07.17.41:570][  0]LogCook: Display: Max memory allowance for cook 16384mb min free memory 0mb
[2020.04.13-07.17.41:570][  0]LogCook: Display: Mobile HDR setting 1
[2020.04.13-07.17.41:570][  0]LogGameplayTags: Display: UGameplayTagsManager::DoneAddingNativeTags. DelegateIsBound: 0
[2020.04.13-07.17.41:570][  0]LogStats: UGameplayTagsManager::ConstructGameplayTagTree: Construct from data asset -  0.000 s
[2020.04.13-07.17.41:570][  0]LogStats: UGameplayTagsManager::ConstructGameplayTagTree: GameplayTagTreeChangedEvent.Broadcast -  0.000 s
[2020.04.13-07.17.41:732][  0]LogFileCache: Scanning file cache for directory 'C:/dev/IB/Content/' took 0.16s
[2020.04.13-07.17.42:246][  0]SourceControl: 소스 콘트롤이 꺼졌습니다.
[2020.04.13-07.17.42:246][  0]Cmd: MAP LOAD FILE="../../../../../../dev/IB/Content/dev/Maps/StartRoom.umap" TEMPLATE=0 SHOWPROGRESS=1 FEATURELEVEL=3
[2020.04.13-07.17.42:246][  0]LightingResults: New page: 라이팅 빌드
[2020.04.13-07.17.42:251][  0]MapCheck: New page: 맵 체크
[2020.04.13-07.17.42:251][  0]LightingResults: New page: 라이팅 빌드
[2020.04.13-07.17.42:261][  0]LogUObjectGlobals: Destroyed PersistentFrame Addr=0x0000024478a19838, Size=8
[2020.04.13-07.17.42:261][  0]LogUObjectGlobals: Destroyed PersistentFrame Addr=0x00000244785a1138, Size=20
[2020.04.13-07.17.42:404][  0]LogUObjectGlobals: Created PersistentFrame Addr=0x000002448ba93200, Size=408, Default__StartRoom_C Function /Game/dev/Maps/StartRoom.StartRoom_C:ExecuteUbergraph_StartRoom
[2020.04.13-07.17.42:409][  0]LogUObjectGlobals: Destroyed PersistentFrame Addr=0x000002448ba93200, Size=408
[2020.04.13-07.17.42:409][  0]LogUObjectGlobals: Created PersistentFrame Addr=0x000002448ba93200, Size=408, Default__StartRoom_C Function /Engine/Transient.REINST_StartRoom_C_11:ExecuteUbergraph_StartRoom
[2020.04.13-07.17.42:412][  0]LogUObjectGlobals: Created PersistentFrame Addr=0x000002448ba92240, Size=408, Default__StartRoom_C Function /Game/dev/Maps/StartRoom.StartRoom_C:ExecuteUbergraph_StartRoom
[2020.04.13-07.17.42:481][  0]LogSkeletalMesh: Skeletal Mesh found in DDC [1.748900ms] /Game/InfinityBladeWeapons/Weapons/Blade/Swords/Blade_HeroSword16/SK_Blade_HeroSword16.SK_Blade_HeroSword16
[2020.04.13-07.17.42:584][  0]LogAIModule: Creating AISystem for world StartRoom
[2020.04.13-07.17.42:613][  0]LogStreaming: Display: ULevelStreaming::RequestLevel(/Game/InfinityBladeGrassLands/Maps/ElvenRuins) is flushing async loading
[2020.04.13-07.17.44:573][  0]LogSkeletalMesh: Skeletal Mesh found in DDC [1.330800ms] /Game/InfinityBladeGrassLands/Environments/Earth/EX_EnvAssets/Meshes/SK_Env_Ice_Deco2_BlowingFlag.SK_Env_Ice_Deco2_BlowingFlag
[2020.04.13-07.17.44:574][  0]LogSkeletalMesh: Skeletal Mesh found in DDC [0.837000ms] /Game/InfinityBladeGrassLands/Environments/Earth/EX_EnvAssets/Meshes/SK_Env_Ice_Deco2_BlowingFlag3.SK_Env_Ice_Deco2_BlowingFlag3
[2020.04.13-07.17.44:745][  0]LogStreaming: Display: ULevelStreaming::RequestLevel(/Game/InfinityBladeIceLands/Maps/FrozenCove) is flushing async loading
[2020.04.13-07.17.46:481][  0]LogPackageName: Warning: String asset reference "Env_Ice_Rocky.Mesh.Env_Ice_MelancholicTroll01" is in short form, which is unsupported and -- even if valid -- resolving it will be really slow.
[2020.04.13-07.17.46:481][  0]LogPackageName: Warning: Please consider resaving package in order to speed-up loading.
[2020.04.13-07.17.46:815][  0]LogPackageName: SearchForPackageOnDisk took   0.332s, but failed to resolve Env_Ice_Rocky.
[2020.04.13-07.17.46:815][  0]LogPackageName: Warning: String asset reference "Env_Ice_Rocky.Mesh.Env_Ice_MelancholicTroll01" could not be resolved.
[2020.04.13-07.17.46:821][  0]LogPackageName: Warning: String asset reference "Env_Ice_Rocky.Mesh.Env_Ice_NordHeed01" is in short form, which is unsupported and -- even if valid -- resolving it will be really slow.
[2020.04.13-07.17.46:821][  0]LogPackageName: Warning: Please consider resaving package in order to speed-up loading.
[2020.04.13-07.17.47:095][  0]LogPackageName: SearchForPackageOnDisk took   0.273s, but failed to resolve Env_Ice_Rocky.
[2020.04.13-07.17.47:095][  0]LogPackageName: Warning: String asset reference "Env_Ice_Rocky.Mesh.Env_Ice_NordHeed01" could not be resolved.
[2020.04.13-07.17.47:101][  0]LogPackageName: Warning: String asset reference "Env_Ice_Rocky.Mesh.Env_Ice_NordHeed01" is in short form, which is unsupported and -- even if valid -- resolving it will be really slow.
[2020.04.13-07.17.47:101][  0]LogPackageName: Warning: Please consider resaving package in order to speed-up loading.
[2020.04.13-07.17.47:386][  0]LogPackageName: SearchForPackageOnDisk took   0.284s, but failed to resolve Env_Ice_Rocky.
[2020.04.13-07.17.47:386][  0]LogPackageName: Warning: String asset reference "Env_Ice_Rocky.Mesh.Env_Ice_NordHeed01" could not be resolved.
[2020.04.13-07.17.47:391][  0]LogPackageName: Warning: String asset reference "Env_Ice_Rocky.Texture.Env_Ice_RockyStairs01" is in short form, which is unsupported and -- even if valid -- resolving it will be really slow.
[2020.04.13-07.17.47:391][  0]LogPackageName: Warning: Please consider resaving package in order to speed-up loading.
[2020.04.13-07.17.47:675][  0]LogPackageName: SearchForPackageOnDisk took   0.283s, but failed to resolve Env_Ice_Rocky.
[2020.04.13-07.17.47:675][  0]LogPackageName: Warning: String asset reference "Env_Ice_Rocky.Texture.Env_Ice_RockyStairs01" could not be resolved.
[2020.04.13-07.17.47:680][  0]LogPackageName: Warning: String asset reference "Env_Ice_Rocky.Mesh.Env_Ice_RuinedSteps001" is in short form, which is unsupported and -- even if valid -- resolving it will be really slow.
[2020.04.13-07.17.47:680][  0]LogPackageName: Warning: Please consider resaving package in order to speed-up loading.
[2020.04.13-07.17.47:947][  0]LogPackageName: SearchForPackageOnDisk took   0.266s, but failed to resolve Env_Ice_Rocky.
[2020.04.13-07.17.47:947][  0]LogPackageName: Warning: String asset reference "Env_Ice_Rocky.Mesh.Env_Ice_RuinedSteps001" could not be resolved.
[2020.04.13-07.17.47:950][  0]LogPackageName: Warning: String asset reference "Env_Ice_RuinedWalls001" is in short form, which is unsupported and -- even if valid -- resolving it will be really slow.
[2020.04.13-07.17.47:951][  0]LogPackageName: Warning: Please consider resaving package in order to speed-up loading.
[2020.04.13-07.17.48:251][  0]LogPackageName: SearchForPackageOnDisk took   0.301s, but failed to resolve Env_Ice_RuinedWalls001.
[2020.04.13-07.17.48:251][  0]LogPackageName: Warning: String asset reference "Env_Ice_RuinedWalls001" could not be resolved.
[2020.04.13-07.17.48:334][  0]LogPackageName: Warning: String asset reference "Env_ALL_Artifacts.Mesh.Env_ALL_Terminus001" is in short form, which is unsupported and -- even if valid -- resolving it will be really slow.
[2020.04.13-07.17.48:334][  0]LogPackageName: Warning: Please consider resaving package in order to speed-up loading.
[2020.04.13-07.17.48:639][  0]LogPackageName: SearchForPackageOnDisk took   0.305s, but failed to resolve Env_ALL_Artifacts.
[2020.04.13-07.17.48:639][  0]LogPackageName: Warning: String asset reference "Env_ALL_Artifacts.Mesh.Env_ALL_Terminus001" could not be resolved.
[2020.04.13-07.17.48:642][  0]LogPackageName: Warning: String asset reference "S_ClothTarps_03.SM.Mesh.S_ClothTarps_03" is in short form, which is unsupported and -- even if valid -- resolving it will be really slow.
[2020.04.13-07.17.48:642][  0]LogPackageName: Warning: Please consider resaving package in order to speed-up loading.
[2020.04.13-07.17.48:951][  0]LogPackageName: SearchForPackageOnDisk took   0.310s, but failed to resolve S_ClothTarps_03.
[2020.04.13-07.17.48:951][  0]LogPackageName: Warning: String asset reference "S_ClothTarps_03.SM.Mesh.S_ClothTarps_03" could not be resolved.
[2020.04.13-07.17.49:696][  0]LogSkeletalMesh: Skeletal Mesh found in DDC [0.899700ms] /Game/InfinityBladeIceLands/Environments/Ice/EX_EnvAssets/Meshes/SK_Env_Ice_Deco2_BlowingFlag3.SK_Env_Ice_Deco2_BlowingFlag3
[2020.04.13-07.17.49:906][  0]LogEditorServer: Finished looking for orphan Actors (0.000 secs)
[2020.04.13-07.17.49:927][  0]LogUObjectGlobals: Destroyed PersistentFrame Addr=0x000002448ba93200, Size=408
[2020.04.13-07.17.49:928][  0]Cmd: MAP CHECKDEP NOCLEARLOG
[2020.04.13-07.17.50:340][  0]MapCheck: 맵 체크 완료: 오류 0 회, 경고 0 회, 소요 시간 412.399ms.
[2020.04.13-07.17.50:340][  0]LogFileHelpers: Loading map 'StartRoom' took 8.094
[2020.04.13-07.17.50:707][  0]LogCollectionManager: Loaded 0 collections in 0.003628 seconds
[2020.04.13-07.17.50:770][  0]LogFileCache: Scanning file cache for directory 'C:/dev/IB/Saved/Collections/' took 0.01s
[2020.04.13-07.17.50:770][  0]LogFileCache: Scanning file cache for directory 'C:/dev/IB/Content/Developers/pth08/Collections/' took 0.01s
[2020.04.13-07.17.50:770][  0]LogFileCache: Scanning file cache for directory 'C:/dev/IB/Content/Collections/' took 0.01s
[2020.04.13-07.17.50:770][  0]LogCollectionManager: Rebuilt the GUID cache for 0 collections in 0.000001 seconds
[2020.04.13-07.17.50:799][  0]LogContentBrowser: Native class hierarchy populated in 0.0275 seconds. Added 2495 classes and 567 folders.
[2020.04.13-07.17.50:828][  0]LogContentBrowser: Native class hierarchy updated for 'WidgetCarousel' in 0.0148 seconds. Added 0 classes and 0 folders.
[2020.04.13-07.17.50:995][  0]LogContentBrowser: Native class hierarchy updated for 'AddContentDialog' in 0.0158 seconds. Added 0 classes and 0 folders.
[2020.04.13-07.17.51:020][  0]LogContentBrowser: Native class hierarchy updated for 'SceneOutliner' in 0.0141 seconds. Added 1 classes and 2 folders.
[2020.04.13-07.17.51:170][  0]LogSlate: Took 0.000483 seconds to synchronously load lazily loaded font '../../../Engine/Content/Slate/Fonts/Roboto-Regular.ttf' (155K)
[2020.04.13-07.17.51:176][  0]LogSlate: Took 0.004141 seconds to synchronously load lazily loaded font '../../../Engine/Content/Editor/Slate/Fonts/NanumGothic.ttf' (4243K)
[2020.04.13-07.17.51:184][  0]LogSlate: Took 0.006306 seconds to synchronously load lazily loaded font '../../../Engine/Content/Editor/Slate/Fonts/NanumGothicBold.ttf' (4188K)
[2020.04.13-07.17.51:184][  0]LogSlate: Took 0.000429 seconds to synchronously load lazily loaded font '../../../Engine/Content/Slate/Fonts/Roboto-Bold.ttf' (160K)
[2020.04.13-07.17.51:196][  0]LogSlate: Took 0.001405 seconds to synchronously load lazily loaded font '../../../Engine/Content/Editor/Slate/Fonts/FontAwesome.ttf' (139K)
[2020.04.13-07.17.51:365][  0]LogRenderer: Reallocating scene render targets to support 920x476 Format 9 NumSamples 1 (Frame:1).
[2020.04.13-07.17.51:640][  0]LogContentBrowser: Native class hierarchy updated for 'HierarchicalLODOutliner' in 0.0130 seconds. Added 0 classes and 0 folders.
[2020.04.13-07.17.51:641][  0]LogLoad: (Engine Initialization) Total time: 39.46 seconds
[2020.04.13-07.17.51:641][  0]LogLoad: (Engine Initialization) Total Blueprint compile time: 0.00 seconds
[2020.04.13-07.17.51:694][  0]LogContentStreaming: Texture pool size now 600 MB
[2020.04.13-07.17.51:771][  0]LogSlate: Took 0.001400 seconds to synchronously load lazily loaded font '../../../Engine/Content/Slate/Fonts/Roboto-Light.ttf' (167K)
[2020.04.13-07.17.51:783][  1]LogFileCache: Retrieving MD5 hashes for directory 'C:/dev/IB/Content/' took 0.11s
[2020.04.13-07.17.52:470][  7]LogAssetRegistry: Asset discovery search completed in 20.2848 seconds
[2020.04.13-07.17.52:484][  7]LogCollectionManager: Rebuilt the object cache for 0 collections in 0.000000 seconds (found 0 objects)
[2020.04.13-07.17.52:485][  7]LogCollectionManager: Fixed up redirectors for 0 collections in 0.000126 seconds (updated 0 objects)
[2020.04.13-07.17.53:286][ 46]LogSlate: FSceneViewport::OnFocusLost() reason 0
[2020.04.13-07.18.40:375][878]LogAnimationCompression: Building Anim DDC data for AnimSequence /Game/SwordAnimsetPro/Animations/AimOffsets/Sword1h_Blade_High.Sword1h_Blade_High
[2020.04.13-07.18.40:385][878]LogAnimationCompression: Recompressing (AnimSequence /Game/SwordAnimsetPro/Animations/AimOffsets/Sword1h_Blade_High.Sword1h_Blade_High) using current/default (AnimCompress_BitwiseCompressOnly_362) bFirstRecompressUsingCurrentOrDefault(1) bTryAlternateCompressor(0) IsCompressedDataValid(0)
[2020.04.13-07.18.40:388][878]LogAnimationCompression: Building Anim DDC data for AnimSequence /Game/SwordAnimsetPro/Animations/RootMotion/Sword1h_Idle.Sword1h_Idle
[2020.04.13-07.18.40:388][878]LogAnimationCompression: Recompressing (AnimSequence /Game/SwordAnimsetPro/Animations/RootMotion/Sword1h_Idle.Sword1h_Idle) using current/default (AnimCompress_BitwiseCompressOnly_92) bFirstRecompressUsingCurrentOrDefault(1) bTryAlternateCompressor(0) IsCompressedDataValid(0)
[2020.04.13-07.18.40:394][878]LogAnimationCompression: Building Anim DDC data for AnimSequence /Game/SwordAnimsetPro/Animations/AimOffsets/Sword1h_Blade_Low.Sword1h_Blade_Low
[2020.04.13-07.18.40:394][878]LogAnimationCompression: Recompressing (AnimSequence /Game/SwordAnimsetPro/Animations/AimOffsets/Sword1h_Blade_Low.Sword1h_Blade_Low) using current/default (AnimCompress_BitwiseCompressOnly_363) bFirstRecompressUsingCurrentOrDefault(1) bTryAlternateCompressor(0) IsCompressedDataValid(0)
[2020.04.13-07.18.40:394][878]LogAnimationCompression: Building Anim DDC data for AnimSequence /Game/SwordAnimsetPro/Animations/AimOffsets/Sword1h_Blade_Centered.Sword1h_Blade_Centered
[2020.04.13-07.18.40:395][878]LogAnimationCompression: Recompressing (AnimSequence /Game/SwordAnimsetPro/Animations/AimOffsets/Sword1h_Blade_Centered.Sword1h_Blade_Centered) using current/default (AnimCompress_BitwiseCompressOnly_361) bFirstRecompressUsingCurrentOrDefault(1) bTryAlternateCompressor(0) IsCompressedDataValid(0)
[2020.04.13-07.18.40:452][878]LogSlate: Took 0.001164 seconds to synchronously load lazily loaded font '../../../Engine/Content/Slate/Fonts/Roboto-Light.ttf' (167K)
[2020.04.13-07.18.40:607][878]LogTexture: Display: 텍스처 빌드: UE4Man_Logo_N (BC5, 512X512)
[2020.04.13-07.18.40:608][878]LogTexture: Display: 텍스처 빌드: UE4_Mannequin_MAT_MASKA (AutoDXT, 1024X1024)
[2020.04.13-07.18.40:608][878]LogTexture: Display: 텍스처 빌드: T_ML_Rubber_Blue_01_D (DXT1, 512X512)
[2020.04.13-07.18.40:608][878]LogTexture: Display: 텍스처 빌드: UE4_Mannequin_occlusion_Mobile (DXT1, 512X512)
[2020.04.13-07.18.41:186][878]LogTexture: Display: 텍스처 빌드: T_ML_Rubber_Blue_01_N (BC5, 512X512)
[2020.04.13-07.18.41:186][878]LogTexture: Display: 텍스처 빌드: UE4_Mannequin__normals (BC5, 2048X2048)
[2020.04.13-07.18.41:186][878]LogTexture: Display: 텍스처 빌드: T_ML_Aluminum01_N (BC5, 512X512)
[2020.04.13-07.18.41:186][878]LogTexture: Display: 텍스처 빌드: T_ML_Aluminum01 (DXT1, 512X512)
[2020.04.13-07.18.41:186][878]LogMaterial: Missing cached shader map for material M_UE4Man_Body, compiling. 
[2020.04.13-07.18.41:275][878]LogShaderCompilers: Display: Shaders left to compile 128
[2020.04.13-07.18.41:275][878]LogShaderCompilers: Display: Shaders left to compile 118
[2020.04.13-07.18.41:275][878]LogShaderCompilers: Display: Shaders left to compile 108
[2020.04.13-07.18.41:275][878]LogShaderCompilers: Display: Shaders left to compile 98
[2020.04.13-07.18.41:275][878]LogMaterial: Missing cached shader map for material M_UE4Man_Body, compiling. 
[2020.04.13-07.18.41:317][878]LogSkeletalMesh: Building Skeletal Mesh SK_Mannequin...
[2020.04.13-07.18.41:408][878]LogSkeletalMesh: Built Skeletal Mesh [0.09s] /Game/SwordAnimsetPro/UE4_Mannequin/Mesh/SK_Mannequin.SK_Mannequin
[2020.04.13-07.18.41:468][878]LogContentBrowser: Native class hierarchy updated for 'SkeletonEditor' in 0.0203 seconds. Added 1 classes and 2 folders.
[2020.04.13-07.18.52:015][878]LogTexture: Display: 텍스처 빌드: Sword_N (BC5, 4096X4096)
[2020.04.13-07.18.52:015][878]LogTexture: Display: 텍스처 빌드: Sword_D (AutoDXT, 4096X4096)
[2020.04.13-07.18.52:015][878]LogTexture: Display: 텍스처 빌드: Sword_S (AutoDXT, 4096X4096)
[2020.04.13-07.18.52:015][878]LogShaderCompilers: Display: Shaders left to compile 216
[2020.04.13-07.18.52:015][878]LogShaderCompilers: Display: Shaders left to compile 206
[2020.04.13-07.18.52:015][878]LogShaderCompilers: Display: Shaders left to compile 196
[2020.04.13-07.18.52:015][878]LogShaderCompilers: Display: Shaders left to compile 186
[2020.04.13-07.18.52:015][878]LogShaderCompilers: Display: Shaders left to compile 176
[2020.04.13-07.18.52:015][878]LogShaderCompilers: Display: Shaders left to compile 166
[2020.04.13-07.18.52:019][878]LogMaterial: Missing cached shader map for material Sword2, compiling. 
[2020.04.13-07.18.52:043][878]LogStaticMesh: Sword 스태틱 메시 빌드중...
[2020.04.13-07.18.52:057][878]LogStaticMesh: Built static mesh [0.01s] /Game/SwordAnimsetPro/Models/Sword/Sword.Sword
[2020.04.13-07.18.52:078][878]LogActorComponent: RegisterComponentWithWorld: (/Engine/Transient.World_0:PersistentLevel.Actor_0.DebugSkelMeshComponent_0) Already registered. Aborting.
[2020.04.13-07.18.52:111][878]LogContentBrowser: Native class hierarchy updated for 'PinnedCommandList' in 0.0230 seconds. Added 1 classes and 0 folders.
[2020.04.13-07.18.52:358][878]LogSkeletalMesh: USkeletalMeshComponent::InitArticulated : Bodies already created (/Engine/Transient.World_0:PersistentLevel.Actor_0.DebugSkelMeshComponent_0) - call TermArticulated first.
[2020.04.13-07.18.52:893][878]LogShaderCompilers: Display: Shaders left to compile 178
[2020.04.13-07.18.53:236][878]LogContentBrowser: Native class hierarchy updated for 'ClothingSystemEditorInterface' in 0.0219 seconds. Added 1 classes and 0 folders.
[2020.04.13-07.18.53:354][878]LogRenderer: Reallocating scene render targets to support 1144x476 Format 9 NumSamples 1 (Frame:1).
[2020.04.13-07.18.53:492][879]LogContentBrowser: Verbose: The majority of assets in the view are of type: AnimSequence
[2020.04.13-07.18.54:330][891]LogD3D11RHI: Error: Result failed 
 at D:\Build\++UE4+Release-4.19+Compile\Sync\Engine\Source\Runtime\Windows\D3D11RHI\Private\D3D11Viewport.cpp:303 
 with error E_INVALIDARG
[2020.04.13-07.18.54:360][891]LogWindows: Windows GetLastError: 작업을 완료했습니다. (0)
