Log file open, 04/02/20 19:45:52
LogWindows: Failed to load 'aqProf.dll' (GetLastError=126)
LogWindows: File 'aqProf.dll' does not exist
LogWindows: Failed to load 'VtuneApi.dll' (GetLastError=126)
LogWindows: File 'VtuneApi.dll' does not exist
LogWindows: Failed to load 'VtuneApi32e.dll' (GetLastError=126)
LogWindows: File 'VtuneApi32e.dll' does not exist
LogInit: Display: Running engine for game: InfinityBlade
LogPlatformFile: Not using cached read wrapper
LogInit: Display: RandInit(-2100983046) SRandInit(-2100983046).
LogInit: Read version file with build ID '3944462'
LogInit: Overriding engine version to CL 4033788, compatible CL 3944462
LogInit: Registered custom module enumerator with build ID '3944462'
LogTaskGraph: Started task graph with 5 named threads and 35 total threads with 3 sets of task threads.
LogStats: Stats thread started at 1.281596
LogD3D11RHI: Aftermath initialized
LogICUInternationalization: Display: ICU TimeZone Detection - Raw Offset: +9:00, Platform Override: ''
LogPluginManager: Mounting plugin Paper2D
LogPluginManager: Mounting plugin LiveLink
LogPluginManager: Mounting plugin LightPropagationVolume
LogPluginManager: Mounting plugin CLionSourceCodeAccess
LogPluginManager: Mounting plugin CodeLiteSourceCodeAccess
LogPluginManager: Mounting plugin GitSourceControl
LogPluginManager: Mounting plugin KDevelopSourceCodeAccess
LogPluginManager: Mounting plugin NullSourceCodeAccess
LogPluginManager: Mounting plugin PerforceSourceControl
LogPluginManager: Mounting plugin SubversionSourceControl
LogPluginManager: Mounting plugin UObjectPlugin
LogPluginManager: Mounting plugin VisualStudioCodeSourceCodeAccess
LogPluginManager: Mounting plugin VisualStudioSourceCodeAccess
LogPluginManager: Mounting plugin XCodeSourceCodeAccess
LogPluginManager: Mounting plugin AssetManagerEditor
LogPluginManager: Mounting plugin CryptoKeys
LogPluginManager: Mounting plugin DataValidation
LogPluginManager: Mounting plugin FacialAnimation
LogPluginManager: Mounting plugin GameplayTagsEditor
LogPluginManager: Mounting plugin MobileLauncherProfileWizard
LogPluginManager: Mounting plugin PluginBrowser
LogPluginManager: Mounting plugin SpeedTreeImporter
LogPluginManager: Mounting plugin DatasmithContent
LogPluginManager: Mounting plugin AlembicImporter
LogPluginManager: Mounting plugin CharacterAI
LogPluginManager: Mounting plugin HTML5Networking
LogPluginManager: Mounting plugin AndroidMedia
LogPluginManager: Mounting plugin AvfMedia
LogPluginManager: Mounting plugin ImgMedia
LogPluginManager: Mounting plugin LinearTimecode
LogPluginManager: Mounting plugin MediaCompositing
LogPluginManager: Mounting plugin MediaPlayerEditor
LogPluginManager: Mounting plugin WmfMedia
LogPluginManager: Mounting plugin TcpMessaging
LogPluginManager: Mounting plugin UdpMessaging
LogPluginManager: Mounting plugin ActorSequence
LogPluginManager: Mounting plugin LevelSequenceEditor
LogPluginManager: Mounting plugin MatineeToLevelSequence
LogPluginManager: Mounting plugin NetcodeUnitTest
LogPluginManager: Mounting plugin NUTUnrealEngine4
LogPluginManager: Mounting plugin OnlineSubsystemGooglePlay
LogPluginManager: Mounting plugin OnlineSubsystemIOS
LogPluginManager: Mounting plugin OnlineSubsystem
LogPluginManager: Mounting plugin OnlineSubsystemNull
LogPluginManager: Mounting plugin OnlineSubsystemUtils
LogPluginManager: Mounting plugin AndroidDeviceProfileSelector
LogPluginManager: Mounting plugin AndroidMoviePlayer
LogPluginManager: Mounting plugin AndroidPermission
LogPluginManager: Mounting plugin AppleARKit
LogPluginManager: Mounting plugin AppleMoviePlayer
LogPluginManager: Mounting plugin ArchVisCharacter
LogPluginManager: Mounting plugin AudioCapture
LogPluginManager: Mounting plugin CableComponent
LogPluginManager: Mounting plugin CustomMeshComponent
LogPluginManager: Mounting plugin ExampleDeviceProfileSelector
LogPluginManager: Mounting plugin GoogleCloudMessaging
LogPluginManager: Mounting plugin ImmediatePhysics
LogPluginManager: Mounting plugin IOSDeviceProfileSelector
LogPluginManager: Mounting plugin LinuxDeviceProfileSelector
LogPluginManager: Mounting plugin LocationServicesBPLibrary
LogPluginManager: Mounting plugin MobilePatchingUtils
LogPluginManager: Mounting plugin OculusVR
LogPluginManager: Plugin shader directory ../../../Engine/Plugins/Runtime/Oculus/OculusVR/Shaders found
LogPluginManager: Mapping shader source directory ../../../Engine/Plugins/Runtime/Oculus/OculusVR/Shaders to virtual directory /Plugin/OculusVR
LogPluginManager: Mounting plugin PhysXVehicles
LogPluginManager: Mounting plugin ProceduralMeshComponent
LogPluginManager: Mounting plugin RuntimePhysXCooking
LogPluginManager: Mounting plugin SteamVR
LogPluginManager: Mounting plugin WindowsMoviePlayer
LogStreaming: Display: Took  0.238s to configure plugins.
LogModuleManager: Display: Found up-to-date module file ../../../../../../dev/IB/Binaries/Win64/UE4Editor-InfinityBladeSetting.dll (API version 3944462).
LogModuleManager: Display: Found up-to-date module file ../../../../../../dev/IB/Binaries/Win64/UE4Editor-InfinityBlade.dll (API version 3944462).
LogModuleManager: Display: Found up-to-date module file ../../../Engine/Plugins/2D/Paper2D/Binaries/Win64/UE4Editor-Paper2D.dll (API version 3944462).
LogModuleManager: Display: Found up-to-date module file ../../../Engine/Plugins/2D/Paper2D/Binaries/Win64/UE4Editor-Paper2DEditor.dll (API version 3944462).
LogModuleManager: Display: Found up-to-date module file ../../../Engine/Plugins/2D/Paper2D/Binaries/Win64/UE4Editor-PaperSpriteSheetImporter.dll (API version 3944462).
LogModuleManager: Display: Found up-to-date module file ../../../Engine/Plugins/2D/Paper2D/Binaries/Win64/UE4Editor-PaperTiledImporter.dll (API version 3944462).
LogModuleManager: Display: Found up-to-date module file ../../../Engine/Plugins/2D/Paper2D/Binaries/Win64/UE4Editor-SmartSnapping.dll (API version 3944462).
LogModuleManager: Display: Found up-to-date module file ../../../Engine/Plugins/Animation/LiveLink/Binaries/Win64/UE4Editor-LiveLink.dll (API version 3944462).
LogModuleManager: Display: Found up-to-date module file ../../../Engine/Plugins/Animation/LiveLink/Binaries/Win64/UE4Editor-LiveLinkEditor.dll (API version 3944462).
LogModuleManager: Display: Found up-to-date module file ../../../Engine/Plugins/Blendables/LightPropagationVolume/Binaries/Win64/UE4Editor-LightPropagationVolumeRuntime.dll (API version 3944462).
LogModuleManager: Display: Found up-to-date module file ../../../Engine/Plugins/Blendables/LightPropagationVolume/Binaries/Win64/UE4Editor-LightPropagationVolumeEditor.dll (API version 3944462).
LogModuleManager: Display: Found up-to-date module file ../../../Engine/Plugins/Developer/CLionSourceCodeAccess/Binaries/Win64/UE4Editor-CLionSourceCodeAccess.dll (API version 3944462).
LogModuleManager: Display: Found up-to-date module file ../../../Engine/Plugins/Developer/GitSourceControl/Binaries/Win64/UE4Editor-GitSourceControl.dll (API version 3944462).
LogModuleManager: Display: Found up-to-date module file ../../../Engine/Plugins/Developer/PerforceSourceControl/Binaries/Win64/UE4Editor-PerforceSourceControl.dll (API version 3944462).
LogModuleManager: Display: Found up-to-date module file ../../../Engine/Plugins/Developer/SubversionSourceControl/Binaries/Win64/UE4Editor-SubversionSourceControl.dll (API version 3944462).
LogModuleManager: Display: Found up-to-date module file ../../../Engine/Plugins/Developer/UObjectPlugin/Binaries/Win64/UE4Editor-UObjectPlugin.dll (API version 3944462).
LogModuleManager: Display: Found up-to-date module file ../../../Engine/Plugins/Developer/VisualStudioCodeSourceCodeAccess/Binaries/Win64/UE4Editor-VisualStudioCodeSourceCodeAccess.dll (API version 3944462).
LogModuleManager: Display: Found up-to-date module file ../../../Engine/Plugins/Developer/VisualStudioSourceCodeAccess/Binaries/Win64/UE4Editor-VisualStudioSourceCodeAccess.dll (API version 3944462).
LogModuleManager: Display: Found up-to-date module file ../../../Engine/Plugins/Editor/AssetManagerEditor/Binaries/Win64/UE4Editor-AssetManagerEditor.dll (API version 3944462).
LogModuleManager: Display: Found up-to-date module file ../../../Engine/Plugins/Editor/CryptoKeys/Binaries/Win64/UE4Editor-CryptoKeys.dll (API version 3944462).
LogModuleManager: Display: Found up-to-date module file ../../../Engine/Plugins/Editor/CryptoKeys/Binaries/Win64/UE4Editor-CryptoKeysOpenSSL.dll (API version 3944462).
LogModuleManager: Display: Found up-to-date module file ../../../Engine/Plugins/Editor/DataValidation/Binaries/Win64/UE4Editor-DataValidation.dll (API version 3944462).
LogModuleManager: Display: Found up-to-date module file ../../../Engine/Plugins/Editor/FacialAnimation/Binaries/Win64/UE4Editor-FacialAnimation.dll (API version 3944462).
LogModuleManager: Display: Found up-to-date module file ../../../Engine/Plugins/Editor/FacialAnimation/Binaries/Win64/UE4Editor-FacialAnimationEditor.dll (API version 3944462).
LogModuleManager: Display: Found up-to-date module file ../../../Engine/Plugins/Editor/GameplayTagsEditor/Binaries/Win64/UE4Editor-GameplayTagsEditor.dll (API version 3944462).
LogModuleManager: Display: Found up-to-date module file ../../../Engine/Plugins/Editor/MobileLauncherProfileWizard/Binaries/Win64/UE4Editor-MobileLauncherProfileWizard.dll (API version 3944462).
LogModuleManager: Display: Found up-to-date module file ../../../Engine/Plugins/Editor/PluginBrowser/Binaries/Win64/UE4Editor-PluginBrowser.dll (API version 3944462).
LogModuleManager: Display: Found up-to-date module file ../../../Engine/Plugins/Editor/SpeedTreeImporter/Binaries/Win64/UE4Editor-SpeedTreeImporter.dll (API version 3944462).
LogModuleManager: Display: Found up-to-date module file ../../../Engine/Plugins/Enterprise/DatasmithContent/Binaries/Win64/UE4Editor-DatasmithContent.dll (API version 3944462).
LogModuleManager: Display: Found up-to-date module file ../../../Engine/Plugins/Experimental/AlembicImporter/Binaries/Win64/UE4Editor-AlembicImporter.dll (API version 3944462).
LogModuleManager: Display: Found up-to-date module file ../../../Engine/Plugins/Experimental/AlembicImporter/Binaries/Win64/UE4Editor-AlembicLibrary.dll (API version 3944462).
LogModuleManager: Display: Found up-to-date module file ../../../Engine/Plugins/Experimental/CharacterAI/Binaries/Win64/UE4Editor-CharacterAI.dll (API version 3944462).
LogModuleManager: Display: Found up-to-date module file ../../../Engine/Plugins/Experimental/HTML5Networking/Binaries/Win64/UE4Editor-HTML5Networking.dll (API version 3944462).
LogModuleManager: Display: Found up-to-date module file ../../../Engine/Plugins/Media/AndroidMedia/Binaries/Win64/UE4Editor-AndroidMediaEditor.dll (API version 3944462).
LogModuleManager: Display: Found up-to-date module file ../../../Engine/Plugins/Media/AndroidMedia/Binaries/Win64/UE4Editor-AndroidMediaFactory.dll (API version 3944462).
LogModuleManager: Display: Found up-to-date module file ../../../Engine/Plugins/Media/AvfMedia/Binaries/Win64/UE4Editor-AvfMediaEditor.dll (API version 3944462).
LogModuleManager: Display: Found up-to-date module file ../../../Engine/Plugins/Media/AvfMedia/Binaries/Win64/UE4Editor-AvfMediaFactory.dll (API version 3944462).
LogModuleManager: Display: Found up-to-date module file ../../../Engine/Plugins/Media/AvfMedia/Binaries/Win64/UE4Editor-AvfMediaFactory.dll (API version 3944462).
LogModuleManager: Display: Found up-to-date module file ../../../Engine/Plugins/Media/ImgMedia/Binaries/Win64/UE4Editor-ImgMedia.dll (API version 3944462).
LogModuleManager: Display: Found up-to-date module file ../../../Engine/Plugins/Media/ImgMedia/Binaries/Win64/UE4Editor-ImgMediaEditor.dll (API version 3944462).
LogModuleManager: Display: Found up-to-date module file ../../../Engine/Plugins/Media/ImgMedia/Binaries/Win64/UE4Editor-ImgMediaFactory.dll (API version 3944462).
LogModuleManager: Display: Found up-to-date module file ../../../Engine/Plugins/Media/ImgMedia/Binaries/Win64/UE4Editor-ImgMediaFactory.dll (API version 3944462).
LogModuleManager: Display: Found up-to-date module file ../../../Engine/Plugins/Media/ImgMedia/Binaries/Win64/UE4Editor-OpenExrWrapper.dll (API version 3944462).
LogModuleManager: Display: Found up-to-date module file ../../../Engine/Plugins/Media/LinearTimecode/Binaries/Win64/UE4Editor-LinearTimecode.dll (API version 3944462).
LogModuleManager: Display: Found up-to-date module file ../../../Engine/Plugins/Media/MediaCompositing/Binaries/Win64/UE4Editor-MediaCompositing.dll (API version 3944462).
LogModuleManager: Display: Found up-to-date module file ../../../Engine/Plugins/Media/MediaCompositing/Binaries/Win64/UE4Editor-MediaCompositingEditor.dll (API version 3944462).
LogModuleManager: Display: Found up-to-date module file ../../../Engine/Plugins/Media/MediaPlayerEditor/Binaries/Win64/UE4Editor-MediaPlayerEditor.dll (API version 3944462).
LogModuleManager: Display: Found up-to-date module file ../../../Engine/Plugins/Media/WmfMedia/Binaries/Win64/UE4Editor-WmfMedia.dll (API version 3944462).
LogModuleManager: Display: Found up-to-date module file ../../../Engine/Plugins/Media/WmfMedia/Binaries/Win64/UE4Editor-WmfMediaEditor.dll (API version 3944462).
LogModuleManager: Display: Found up-to-date module file ../../../Engine/Plugins/Media/WmfMedia/Binaries/Win64/UE4Editor-WmfMediaFactory.dll (API version 3944462).
LogModuleManager: Display: Found up-to-date module file ../../../Engine/Plugins/Media/WmfMedia/Binaries/Win64/UE4Editor-WmfMediaFactory.dll (API version 3944462).
LogModuleManager: Display: Found up-to-date module file ../../../Engine/Plugins/Messaging/TcpMessaging/Binaries/Win64/UE4Editor-TcpMessaging.dll (API version 3944462).
LogModuleManager: Display: Found up-to-date module file ../../../Engine/Plugins/Messaging/UdpMessaging/Binaries/Win64/UE4Editor-UdpMessaging.dll (API version 3944462).
LogModuleManager: Display: Found up-to-date module file ../../../Engine/Plugins/MovieScene/ActorSequence/Binaries/Win64/UE4Editor-ActorSequence.dll (API version 3944462).
LogModuleManager: Display: Found up-to-date module file ../../../Engine/Plugins/MovieScene/LevelSequenceEditor/Binaries/Win64/UE4Editor-LevelSequenceEditor.dll (API version 3944462).
LogModuleManager: Display: Found up-to-date module file ../../../Engine/Plugins/MovieScene/MatineeToLevelSequence/Binaries/Win64/UE4Editor-MatineeToLevelSequence.dll (API version 3944462).
LogModuleManager: Display: Found up-to-date module file ../../../Engine/Plugins/NetcodeUnitTest/NetcodeUnitTest/Binaries/Win64/UE4Editor-NetcodeUnitTest.dll (API version 3944462).
LogModuleManager: Display: Found up-to-date module file ../../../Engine/Plugins/NetcodeUnitTest/NUTUnrealEngine4/Binaries/Win64/UE4Editor-NUTUnrealEngine4.dll (API version 3944462).
LogModuleManager: Display: Found up-to-date module file ../../../Engine/Plugins/Online/OnlineSubsystem/Binaries/Win64/UE4Editor-OnlineSubsystem.dll (API version 3944462).
LogModuleManager: Display: Found up-to-date module file ../../../Engine/Plugins/Online/OnlineSubsystemNull/Binaries/Win64/UE4Editor-OnlineSubsystemNull.dll (API version 3944462).
LogModuleManager: Display: Found up-to-date module file ../../../Engine/Plugins/Online/OnlineSubsystemUtils/Binaries/Win64/UE4Editor-OnlineSubsystemUtils.dll (API version 3944462).
LogModuleManager: Display: Found up-to-date module file ../../../Engine/Plugins/Online/OnlineSubsystemUtils/Binaries/Win64/UE4Editor-OnlineBlueprintSupport.dll (API version 3944462).
LogModuleManager: Display: Found up-to-date module file ../../../Engine/Plugins/Runtime/AndroidDeviceProfileSelector/Binaries/Win64/UE4Editor-AndroidDeviceProfileSelector.dll (API version 3944462).
LogModuleManager: Display: Found up-to-date module file ../../../Engine/Plugins/Runtime/AndroidPermission/Binaries/Win64/UE4Editor-AndroidPermission.dll (API version 3944462).
LogModuleManager: Display: Found up-to-date module file ../../../Engine/Plugins/Runtime/AppleARKit/Binaries/Win64/UE4Editor-AppleARKit.dll (API version 3944462).
LogModuleManager: Display: Found up-to-date module file ../../../Engine/Plugins/Runtime/ArchVisCharacter/Binaries/Win64/UE4Editor-ArchVisCharacter.dll (API version 3944462).
LogModuleManager: Display: Found up-to-date module file ../../../Engine/Plugins/Runtime/AudioCapture/Binaries/Win64/UE4Editor-AudioCapture.dll (API version 3944462).
LogModuleManager: Display: Found up-to-date module file ../../../Engine/Plugins/Runtime/AudioCapture/Binaries/Win64/UE4Editor-AudioCaptureEditor.dll (API version 3944462).
LogModuleManager: Display: Found up-to-date module file ../../../Engine/Plugins/Runtime/CableComponent/Binaries/Win64/UE4Editor-CableComponent.dll (API version 3944462).
LogModuleManager: Display: Found up-to-date module file ../../../Engine/Plugins/Runtime/CustomMeshComponent/Binaries/Win64/UE4Editor-CustomMeshComponent.dll (API version 3944462).
LogModuleManager: Display: Found up-to-date module file ../../../Engine/Plugins/Runtime/ExampleDeviceProfileSelector/Binaries/Win64/UE4Editor-ExampleDeviceProfileSelector.dll (API version 3944462).
LogModuleManager: Display: Found up-to-date module file ../../../Engine/Plugins/Runtime/ImmediatePhysics/Binaries/Win64/UE4Editor-ImmediatePhysics.dll (API version 3944462).
LogModuleManager: Display: Found up-to-date module file ../../../Engine/Plugins/Runtime/ImmediatePhysics/Binaries/Win64/UE4Editor-ImmediatePhysicsEditor.dll (API version 3944462).
LogModuleManager: Display: Found up-to-date module file ../../../Engine/Plugins/Runtime/LocationServicesBPLibrary/Binaries/Win64/UE4Editor-LocationServicesBPLibrary.dll (API version 3944462).
LogModuleManager: Display: Found up-to-date module file ../../../Engine/Plugins/Runtime/MobilePatchingUtils/Binaries/Win64/UE4Editor-MobilePatchingUtils.dll (API version 3944462).
LogModuleManager: Display: Found up-to-date module file ../../../Engine/Plugins/Runtime/Oculus/OculusVR/Binaries/Win64/UE4Editor-OculusHMD.dll (API version 3944462).
LogModuleManager: Display: Found up-to-date module file ../../../Engine/Plugins/Runtime/Oculus/OculusVR/Binaries/Win64/UE4Editor-OculusInput.dll (API version 3944462).
LogModuleManager: Display: Found up-to-date module file ../../../Engine/Plugins/Runtime/Oculus/OculusVR/Binaries/Win64/UE4Editor-OculusEditor.dll (API version 3944462).
LogModuleManager: Display: Found up-to-date module file ../../../Engine/Plugins/Runtime/PhysXVehicles/Binaries/Win64/UE4Editor-PhysXVehicles.dll (API version 3944462).
LogModuleManager: Display: Found up-to-date module file ../../../Engine/Plugins/Runtime/PhysXVehicles/Binaries/Win64/UE4Editor-PhysXVehiclesEditor.dll (API version 3944462).
LogModuleManager: Display: Found up-to-date module file ../../../Engine/Plugins/Runtime/ProceduralMeshComponent/Binaries/Win64/UE4Editor-ProceduralMeshComponent.dll (API version 3944462).
LogModuleManager: Display: Found up-to-date module file ../../../Engine/Plugins/Runtime/ProceduralMeshComponent/Binaries/Win64/UE4Editor-ProceduralMeshComponentEditor.dll (API version 3944462).
LogModuleManager: Display: Found up-to-date module file ../../../Engine/Plugins/Runtime/RuntimePhysXCooking/Binaries/Win64/UE4Editor-RuntimePhysXCooking.dll (API version 3944462).
LogModuleManager: Display: Found up-to-date module file ../../../Engine/Plugins/Runtime/Steam/SteamVR/Binaries/Win64/UE4Editor-SteamVR.dll (API version 3944462).
LogModuleManager: Display: Found up-to-date module file ../../../Engine/Plugins/Runtime/Steam/SteamVR/Binaries/Win64/UE4Editor-SteamVRController.dll (API version 3944462).
LogModuleManager: Display: Found up-to-date module file ../../../Engine/Plugins/Runtime/WindowsMoviePlayer/Binaries/Win64/UE4Editor-WindowsMoviePlayer.dll (API version 3944462).
LogInit: Using libcurl 7.47.1
LogInit:  - built for x86_64-pc-win32
LogInit:  - supports SSL with OpenSSL/1.0.2g
LogInit:  - supports HTTP deflate (compression) using libz 1.2.8
LogInit:  - other features:
LogInit:      CURL_VERSION_SSL
LogInit:      CURL_VERSION_LIBZ
LogInit:      CURL_VERSION_IPV6
LogInit:      CURL_VERSION_ASYNCHDNS
LogInit:      CURL_VERSION_LARGEFILE
LogInit:      CURL_VERSION_IDN
LogInit:  CurlRequestOptions (configurable via config and command line):
LogInit:  - bVerifyPeer = false  - Libcurl will NOT verify peer certificate
LogInit:  - bUseHttpProxy = false  - Libcurl will NOT use HTTP proxy
LogInit:  - bDontReuseConnections = false  - Libcurl will reuse connections
LogInit:  - CertBundlePath = nullptr  - Libcurl will use whatever was configured at build time.
LogInit:  - MaxHostConnections = 16  - Libcurl will limit the number of connections to a host
LogInit:  - LocalHostAddr = Default
LogInit: WinSock: version 1.1 (2.2), MaxSocks=32767, MaxUdp=65467
LogInit: WinSock: I am DESKTOP-EO5RAPV (192.168.0.42:0)
LogInit: Build: ++UE4+Release-4.19-CL-4033788
LogInit: Engine Version: 4.19.2-4033788+++UE4+Release-4.19
LogInit: Compatible Engine Version: 4.19.0-3944462+++UE4+Release-4.19
LogInit: Net CL: 3944462
LogDevObjectVersion: Number of dev versions registered: 18
LogDevObjectVersion:   Dev-Blueprints (B0D832E4-1F89-4F0D-ACCF-7EB736FD4AA2): 10
LogDevObjectVersion:   Dev-Build (E1C64328-A22C-4D53-A36C-8E866417BD8C): 0
LogDevObjectVersion:   Dev-Core (375EC13C-06E4-48FB-B500-84F0262A717E): 2
LogDevObjectVersion:   Dev-Editor (E4B068ED-F494-42E9-A231-DA0B2E46BB41): 23
LogDevObjectVersion:   Dev-Framework (CFFC743F-43B0-4480-9391-14DF171D2073): 33
LogDevObjectVersion:   Dev-Mobile (B02B49B5-BB20-44E9-A304-32B752E40360): 2
LogDevObjectVersion:   Dev-Networking (A4E4105C-59A1-49B5-A7C5-40C4547EDFEE): 0
LogDevObjectVersion:   Dev-Online (39C831C9-5AE6-47DC-9A44-9C173E1C8E7C): 0
LogDevObjectVersion:   Dev-Physics (78F01B33-EBEA-4F98-B9B4-84EACCB95AA2): 0
LogDevObjectVersion:   Dev-Platform (6631380F-2D4D-43E0-8009-CF276956A95A): 0
LogDevObjectVersion:   Dev-Rendering (12F88B9F-8875-4AFC-A67C-D90C383ABD29): 25
LogDevObjectVersion:   Dev-Sequencer (7B5AE74C-D270-4C10-A958-57980B212A5A): 6
LogDevObjectVersion:   Dev-VR (D7296918-1DD6-4BDD-9DE2-64A83CC13884): 1
LogDevObjectVersion:   Dev-LoadTimes (C2A15278-BFE7-4AFE-6C17-90FF531DF755): 1
LogDevObjectVersion:   Private-Geometry (6EACA3D4-40EC-4CC1-B786-8BED09428FC5): 2
LogDevObjectVersion:   Dev-AnimPhys (29E575DD-E0A3-4627-9D10-D276232CDCEA): 16
LogDevObjectVersion:   Dev-ReflectionCapture (6B266CEC-1EC7-4B8F-A30B-E4D90942FC07): 1
LogDevObjectVersion:   Dev-Automation (0DF73D61-A23F-47EA-B727-89E90C41499A): 1
LogInit: Compiled (64-bit): Apr 27 2018 02:06:57
LogInit: Compiled with Visual C++: 19.00.24215.01
LogInit: Build Configuration: Development
LogInit: Branch Name: ++UE4+Release-4.19
LogInit: Command Line:  -skipcompile
LogInit: Base Directory: C:/Program Files/Epic Games/UE_4.19/Engine/Binaries/Win64/
LogInit: Installed Engine Build: 1
LogStreaming: Display: Took  0.014s to delete old logs.
LogInit: Presizing for max 8388607 objects, including 0 objects not considered by GC, pre-allocating 0 bytes for permanent pool.
LogInit: Object subsystem initialized
[2020.04.02-10.45.55:320][  0]LogInit: Selected Device Profile: [Windows]
[2020.04.02-10.45.55:320][  0]LogInit: Applying CVar settings loaded from the selected device profile: [Windows]
[2020.04.02-10.45.55:346][  0]LogInit: Computer: DESKTOP-EO5RAPV
[2020.04.02-10.45.55:346][  0]LogInit: User: pth08
[2020.04.02-10.45.55:347][  0]LogInit: CPU Page size=4096, Cores=6
[2020.04.02-10.45.55:347][  0]LogInit: High frequency timer resolution =10.000000 MHz
[2020.04.02-10.45.55:347][  0]LogMemory: Memory total: Physical=16.0GB (16GB approx)
[2020.04.02-10.45.55:347][  0]LogMemory: Platform Memory Stats for Windows
[2020.04.02-10.45.55:347][  0]LogMemory: Process Physical Memory: 280.18 MB used, 280.19 MB peak
[2020.04.02-10.45.55:347][  0]LogMemory: Process Virtual Memory: 266.96 MB used, 266.96 MB peak
[2020.04.02-10.45.55:347][  0]LogMemory: Physical Memory: 6577.04 MB used,  9756.19 MB free, 16333.23 MB total
[2020.04.02-10.45.55:347][  0]LogMemory: Virtual Memory: 4795.19 MB used,  9756.19 MB free, 134217728.00 MB total
[2020.04.02-10.45.55:686][  0]LogInit: Using OS detected language (ko-KR).
[2020.04.02-10.45.55:686][  0]LogInit: Using OS detected locale (ko-KR).
[2020.04.02-10.45.55:730][  0]LogTextLocalizationManager: No specific localization for 'ko-KR' exists, so the 'ko' localization will be used.
[2020.04.02-10.45.56:090][  0]LogStreaming: Display: Took  0.405s to EndInitTextLocalization.
[2020.04.02-10.45.56:092][  0]LogInit: Setting process to per monitor DPI aware
[2020.04.02-10.45.56:222][  0]LogSlate: New Slate User Created.  User Index 0, Is Virtual User: 0
[2020.04.02-10.45.56:222][  0]LogSlate: Slate User Registered.  User Index 0, Is Virtual User: 0
[2020.04.02-10.45.57:993][  0]LogD3D11RHI: D3D11 adapters:
[2020.04.02-10.45.58:117][  0]LogD3D11RHI:    0. 'NVIDIA GeForce GTX 1660 SUPER' (Feature Level 11_0)
[2020.04.02-10.45.58:117][  0]LogD3D11RHI:       5991/0/8166 MB DedicatedVideo/DedicatedSystem/SharedSystem, Outputs:2, VendorId:0x10de
[2020.04.02-10.45.58:126][  0]LogD3D11RHI:    1. 'Microsoft Basic Render Driver' (Feature Level 11_0)
[2020.04.02-10.45.58:126][  0]LogD3D11RHI:       0/0/8166 MB DedicatedVideo/DedicatedSystem/SharedSystem, Outputs:0, VendorId:0x1414
[2020.04.02-10.45.58:126][  0]LogD3D11RHI: Chosen D3D11 Adapter: 0
[2020.04.02-10.45.58:134][  0]LogD3D11RHI: Creating new Direct3DDevice
[2020.04.02-10.45.58:135][  0]LogD3D11RHI:     GPU DeviceId: 0x21c4 (for the marketing name, search the web for "GPU Device Id")
[2020.04.02-10.45.58:135][  0]LogWindows: EnumDisplayDevices:
[2020.04.02-10.45.58:135][  0]LogWindows:    0. 'NVIDIA GeForce GTX 1660 SUPER' (P:0 D:1)
[2020.04.02-10.45.58:136][  0]LogWindows:    1. 'NVIDIA GeForce GTX 1660 SUPER' (P:1 D:1)
[2020.04.02-10.45.58:137][  0]LogWindows:    2. 'NVIDIA GeForce GTX 1660 SUPER' (P:0 D:0)
[2020.04.02-10.45.58:137][  0]LogWindows:    3. 'NVIDIA GeForce GTX 1660 SUPER' (P:0 D:0)
[2020.04.02-10.45.58:138][  0]LogWindows: DebugString: GetVideoDriverDetailsInvalid PrimaryIsNotTheChoosenAdapter GetVideoDriverDetailsInvalid PrimaryIsNotTheChoosenAdapter GetVideoDriverDetailsInvalid PrimaryIsNotTheChoosenAdapter GetVideoDriverDetailsInvalid PrimaryIsNotTheChoosenAdapter FoundDriverCount:0 
[2020.04.02-10.45.58:138][  0]LogD3D11RHI:     Adapter Name: NVIDIA GeForce GTX 1660 SUPER
[2020.04.02-10.45.58:138][  0]LogD3D11RHI:   Driver Version: Unknown (internal:Unknown, unified:Unknown)
[2020.04.02-10.45.58:138][  0]LogD3D11RHI:      Driver Date: Unknown
[2020.04.02-10.45.58:138][  0]LogRHI: Texture pool is 4193 MB (70% of 5991 MB)
[2020.04.02-10.45.58:194][  0]LogD3D11RHI: [Aftermath] Aftermath enabled and primed
[2020.04.02-10.45.58:194][  0]LogD3D11RHI: [Aftermath] Aftermath enabled and primed
[2020.04.02-10.45.58:194][  0]LogD3D11RHI: Async texture creation enabled
[2020.04.02-10.45.58:232][  0]LogD3D11RHI: GPU Timing Frequency: 1000.000000 (Debug: 2 1)
[2020.04.02-10.45.58:246][  0]LogShaderCompilers: Guid format shader working directory is 22 characters bigger than the processId version (../../../../../../dev/IB/Intermediate/Shaders/WorkingDirectory/4160/).
[2020.04.02-10.45.58:246][  0]LogShaderCompilers: Cleaned the shader compiler working directory 'C:/Users/pth08/AppData/Local/Temp/UnrealShaderWorkingDir/423729514E2289FD42C6069C3FF6E256/'.
[2020.04.02-10.45.58:499][  0]LogTemp: Display: Loaded TP AllDesktopTargetPlatform
[2020.04.02-10.45.58:521][  0]LogTemp: Display: Loaded TP MacClientTargetPlatform
[2020.04.02-10.45.58:544][  0]LogTemp: Display: Loaded TP MacNoEditorTargetPlatform
[2020.04.02-10.45.58:566][  0]LogTemp: Display: Loaded TP MacServerTargetPlatform
[2020.04.02-10.45.58:593][  0]LogTemp: Display: Loaded TP MacTargetPlatform
[2020.04.02-10.45.58:616][  0]LogTemp: Display: Loaded TP WindowsClientTargetPlatform
[2020.04.02-10.45.58:638][  0]LogTemp: Display: Loaded TP WindowsNoEditorTargetPlatform
[2020.04.02-10.45.58:660][  0]LogTemp: Display: Loaded TP WindowsServerTargetPlatform
[2020.04.02-10.45.58:677][  0]LogTemp: Display: Loaded TP WindowsTargetPlatform
[2020.04.02-10.45.58:694][  0]LogTemp: Display: Loaded TP Android_ASTCTargetPlatform
[2020.04.02-10.45.58:712][  0]LogTemp: Display: Loaded TP Android_ATCTargetPlatform
[2020.04.02-10.45.58:730][  0]LogTemp: Display: Loaded TP Android_DXTTargetPlatform
[2020.04.02-10.45.58:747][  0]LogTemp: Display: Loaded TP Android_ETC1aTargetPlatform
[2020.04.02-10.45.58:764][  0]LogTemp: Display: Loaded TP Android_ETC1TargetPlatform
[2020.04.02-10.45.58:782][  0]LogTemp: Display: Loaded TP Android_ETC2TargetPlatform
[2020.04.02-10.45.58:816][  0]LogTemp: Display: Loaded TP Android_MultiTargetPlatform
[2020.04.02-10.45.58:816][  0]LogTemp: Display: Loaded TP Android_PVRTCTargetPlatform
[2020.04.02-10.45.58:838][  0]LogTemp: Display: Loaded TP AndroidTargetPlatform
[2020.04.02-10.45.58:844][  0]LogTemp: Display: Loaded TP HTML5TargetPlatform
[2020.04.02-10.45.58:908][  0]LogTemp: Display: Loaded TP IOSTargetPlatform
[2020.04.02-10.45.58:925][  0]LogTemp: Display: Loaded TP TVOSTargetPlatform
[2020.04.02-10.45.58:942][  0]LogTemp: Display: Loaded TP LinuxClientTargetPlatform
[2020.04.02-10.45.58:959][  0]LogTemp: Display: Loaded TP LinuxNoEditorTargetPlatform
[2020.04.02-10.45.58:976][  0]LogTemp: Display: Loaded TP LinuxServerTargetPlatform
[2020.04.02-10.45.58:998][  0]LogTemp: Display: Loaded TP LinuxTargetPlatform
[2020.04.02-10.45.58:998][  0]LogTargetPlatformManager: Display: Building Assets For Windows
[2020.04.02-10.45.59:440][  0]LogXGEController: Cleaning working directory: C:/Users/pth08/AppData/Local/Temp/UnrealXGEWorkingDir/
[2020.04.02-10.45.59:441][  0]LogXGEController: Cannot use XGE Controller as Incredibuild is not installed on this machine.
[2020.04.02-10.45.59:442][  0]LogShaderCompilers: Cannot use XGE Shader Compiler as Incredibuild is not installed on this machine.
[2020.04.02-10.45.59:442][  0]LogShaderCompilers: Display: Using Local Shader Compiler.
[2020.04.02-10.46.01:129][  0]LogDerivedDataCache: Display: Max Cache Size: 512 MB
[2020.04.02-10.46.01:397][  0]LogDerivedDataCache: Loaded boot cache 0.27s 124MB C:/Users/pth08/AppData/Local/UnrealEngine/4.19/DerivedDataCache/Boot.ddc.
[2020.04.02-10.46.01:397][  0]LogDerivedDataCache: Display: Loaded Boot cache: C:/Users/pth08/AppData/Local/UnrealEngine/4.19/DerivedDataCache/Boot.ddc
[2020.04.02-10.46.01:397][  0]LogDerivedDataCache: FDerivedDataBackendGraph:  Pak pak cache file ../../../../../../dev/IB/DerivedDataCache/DDC.ddp not found, will not use a pak cache.
[2020.04.02-10.46.01:397][  0]LogDerivedDataCache: Unable to find inner node Pak for hierarchical cache Hierarchy.
[2020.04.02-10.46.01:398][  0]LogDerivedDataCache: FDerivedDataBackendGraph:  CompressedPak pak cache file ../../../../../../dev/IB/DerivedDataCache/Compressed.ddp not found, will not use a pak cache.
[2020.04.02-10.46.01:398][  0]LogDerivedDataCache: Unable to find inner node CompressedPak for hierarchical cache Hierarchy.
[2020.04.02-10.46.01:421][  0]LogDerivedDataCache: Display: Pak cache opened for reading ../../../Engine/DerivedDataCache/Compressed.ddp.
[2020.04.02-10.46.01:435][  0]LogDerivedDataCache: Using Local data cache path C:/Users/pth08/AppData/Local/UnrealEngine/Common/DerivedDataCache: Writable
[2020.04.02-10.46.01:435][  0]LogDerivedDataCache: Shared data cache path not found in *engine.ini, will not use an Shared cache.
[2020.04.02-10.46.01:435][  0]LogDerivedDataCache: Unable to find inner node Shared for hierarchical cache Hierarchy.
[2020.04.02-10.46.01:449][  0]LogMaterial: Verifying Global Shaders for PCD3D_SM5
[2020.04.02-10.46.01:453][  0]LogSlate: Using Freetype 2.6.0
[2020.04.02-10.46.01:464][  0]LogSlate: SlateFontCache - WITH_FREETYPE: 1, WITH_HARFBUZZ: 1
[2020.04.02-10.46.01:464][  0]LogSlate: SlateFontCache - WITH_FREETYPE: 1, WITH_HARFBUZZ: 1
[2020.04.02-10.46.01:925][  0]LogAssetRegistry: FAssetRegistry took 0.0311 seconds to start up
[2020.04.02-10.46.02:566][  0]LogInit: Selected Device Profile: [Windows]
[2020.04.02-10.46.02:947][  0]LogSimplygon: Simplygon DLL not present - disabling.
[2020.04.02-10.46.02:963][  0]LogMeshReduction: Using SimplygonSwarm for distributed automatic mesh merging
[2020.04.02-10.46.02:964][  0]LogMeshReduction: Using QuadricMeshReduction for automatic static mesh reduction
[2020.04.02-10.46.02:964][  0]LogMeshReduction: No automatic skeletal mesh reduction module available
[2020.04.02-10.46.02:964][  0]LogMeshReduction: No automatic mesh merging module available
[2020.04.02-10.46.02:964][  0]LogMeshMerging: No automatic mesh merging module available
[2020.04.02-10.46.03:058][  0]LogNetVersion: InfinityBlade , NetCL: 3944462, EngineNetVer: 2, GameNetVer: 0 (Checksum: 376743747)
[2020.04.02-10.46.04:167][  0]LogPackageLocalizationCache: Processed 9 localized package path(s) for 2 prioritized culture(s) in 0.101770 seconds
[2020.04.02-10.46.04:173][  0]LogUObjectArray: 36728 objects as part of root set at end of initial load.
[2020.04.02-10.46.04:173][  0]LogUObjectAllocator: 7314312 out of 0 bytes used by permanent object pool.
[2020.04.02-10.46.04:173][  0]LogUObjectArray: CloseDisregardForGC: 0/0 objects in disregard for GC pool
[2020.04.02-10.46.08:332][  0]LogTcpMessaging: Initializing TcpMessaging bridge
[2020.04.02-10.46.08:379][  0]LogUdpMessaging: Initializing bridge on interface 0.0.0.0:0 to multicast group 230.0.0.1:6666.
[2020.04.02-10.46.08:854][  0]LogSkeletalMesh: Skeletal Mesh found in DDC [0.262100ms] /Game/InfinityBladeAdversaries/Enemy/Enemy_Great_Spider/SK_Greater_Spider.SK_Greater_Spider
[2020.04.02-10.46.08:903][  0]LogUObjectGlobals: Created PersistentFrame Addr=0x000001e406f55a58, Size=8, Default__GreaterSpiderAnimBlueprint_C Function /Game/dev/Enemy/Animation/GreaterSpiderAnimBlueprint.GreaterSpiderAnimBlueprint_C:ExecuteUbergraph_GreaterSpiderAnimBlueprint
[2020.04.02-10.46.08:934][  0]LogUObjectGlobals: Destroyed PersistentFrame Addr=0x000001e406f55a58, Size=8
[2020.04.02-10.46.08:934][  0]LogUObjectGlobals: Created PersistentFrame Addr=0x000001e406f55a58, Size=8, Default__GreaterSpiderAnimBlueprint_C Function /Engine/Transient.REINST_GreaterSpiderAnimBlueprint_C_0:ExecuteUbergraph_GreaterSpiderAnimBlueprint
[2020.04.02-10.46.08:950][  0]LogUObjectGlobals: Created PersistentFrame Addr=0x000001e406f55918, Size=8, Default__GreaterSpiderAnimBlueprint_C Function /Game/dev/Enemy/Animation/GreaterSpiderAnimBlueprint.GreaterSpiderAnimBlueprint_C:ExecuteUbergraph_GreaterSpiderAnimBlueprint
[2020.04.02-10.46.08:971][  0]LogAnimationCompression: Building Anim DDC data for AnimSequence /Game/InfinityBladeAdversaries/Enemy/Enemy_Great_Spider/Enemy_SpiderGreater_Animation/ExoGame_Greater_Spider_Attack_Melee_B.ExoGame_Greater_Spider_Attack_Melee_B
[2020.04.02-10.46.08:971][  0]LogAnimationCompression: Recompressing (AnimSequence /Game/InfinityBladeAdversaries/Enemy/Enemy_Great_Spider/Enemy_SpiderGreater_Animation/ExoGame_Greater_Spider_Attack_Melee_B.ExoGame_Greater_Spider_Attack_Melee_B) using current/default (AnimCompress_RemoveLinearKeys_20) bFirstRecompressUsingCurrentOrDefault(1) bTryAlternateCompressor(0) IsCompressedDataValid(0)
[2020.04.02-10.46.08:982][  0]LogAnimationCompression: Building Anim DDC data for AnimSequence /Game/InfinityBladeAdversaries/Enemy/Enemy_Great_Spider/Enemy_SpiderGreater_Animation/ExoGame_Greater_Spider_Attack_Melee_C.ExoGame_Greater_Spider_Attack_Melee_C
[2020.04.02-10.46.08:982][  0]LogAnimationCompression: Recompressing (AnimSequence /Game/InfinityBladeAdversaries/Enemy/Enemy_Great_Spider/Enemy_SpiderGreater_Animation/ExoGame_Greater_Spider_Attack_Melee_C.ExoGame_Greater_Spider_Attack_Melee_C) using current/default (AnimCompress_RemoveLinearKeys_21) bFirstRecompressUsingCurrentOrDefault(1) bTryAlternateCompressor(0) IsCompressedDataValid(0)
[2020.04.02-10.46.08:993][  0]LogAnimationCompression: Building Anim DDC data for AnimSequence /Game/InfinityBladeAdversaries/Enemy/Enemy_Great_Spider/Enemy_SpiderGreater_Animation/ExoGame_Greater_Spider_Attack_Melee.ExoGame_Greater_Spider_Attack_Melee
[2020.04.02-10.46.08:993][  0]LogAnimationCompression: Recompressing (AnimSequence /Game/InfinityBladeAdversaries/Enemy/Enemy_Great_Spider/Enemy_SpiderGreater_Animation/ExoGame_Greater_Spider_Attack_Melee.ExoGame_Greater_Spider_Attack_Melee) using current/default (AnimCompress_RemoveLinearKeys_19) bFirstRecompressUsingCurrentOrDefault(1) bTryAlternateCompressor(0) IsCompressedDataValid(0)
[2020.04.02-10.46.09:107][  0]LogSkeletalMesh: Skeletal Mesh found in DDC [0.354400ms] /Game/InfinityBladeWarriors/Character/CompleteCharacters/SK_CharM_Bladed.SK_CharM_Bladed
[2020.04.02-10.46.09:164][  0]LogUObjectGlobals: Created PersistentFrame Addr=0x000001e406a35618, Size=20, Default__WarriorAnimBlueprint_C Function /Game/Book/Animations/WarriorAnimBlueprint.WarriorAnimBlueprint_C:ExecuteUbergraph_WarriorAnimBlueprint
[2020.04.02-10.46.09:173][  0]LogUObjectGlobals: Destroyed PersistentFrame Addr=0x000001e406a35618, Size=20
[2020.04.02-10.46.09:173][  0]LogUObjectGlobals: Created PersistentFrame Addr=0x000001e406adc790, Size=20, Default__WarriorAnimBlueprint_C Function /Engine/Transient.REINST_WarriorAnimBlueprint_C_1:ExecuteUbergraph_WarriorAnimBlueprint
[2020.04.02-10.46.09:181][  0]LogUObjectGlobals: Created PersistentFrame Addr=0x000001e407edf238, Size=20, Default__WarriorAnimBlueprint_C Function /Game/Book/Animations/WarriorAnimBlueprint.WarriorAnimBlueprint_C:ExecuteUbergraph_WarriorAnimBlueprint
[2020.04.02-10.46.09:247][  0]InfinityBlade: Warning: AIBCharacter::AIBCharacter(123)Character Asset : /Game/InfinityBladeWarriors/Character/CompleteCharacters/SK_CharM_Barbarous.SK_CharM_Barbarous
[2020.04.02-10.46.09:247][  0]InfinityBlade: Warning: AIBCharacter::AIBCharacter(123)Character Asset : /Game/InfinityBladeWarriors/Character/CompleteCharacters/sk_CharM_Base.sk_CharM_Base
[2020.04.02-10.46.09:248][  0]InfinityBlade: Warning: AIBCharacter::AIBCharacter(123)Character Asset : /Game/InfinityBladeWarriors/Character/CompleteCharacters/SK_CharM_Bladed.SK_CharM_Bladed
[2020.04.02-10.46.09:248][  0]InfinityBlade: Warning: AIBCharacter::AIBCharacter(123)Character Asset : /Game/InfinityBladeWarriors/Character/CompleteCharacters/SK_CharM_Cardboard.SK_CharM_Cardboard
[2020.04.02-10.46.09:248][  0]InfinityBlade: Warning: AIBCharacter::AIBCharacter(123)Character Asset : /Game/InfinityBladeWarriors/Character/CompleteCharacters/SK_CharM_Forge.SK_CharM_Forge
[2020.04.02-10.46.09:248][  0]InfinityBlade: Warning: AIBCharacter::AIBCharacter(123)Character Asset : /Game/InfinityBladeWarriors/Character/CompleteCharacters/SK_CharM_FrostGiant.SK_CharM_FrostGiant
[2020.04.02-10.46.09:248][  0]InfinityBlade: Warning: AIBCharacter::AIBCharacter(123)Character Asset : /Game/InfinityBladeWarriors/Character/CompleteCharacters/SK_CharM_Golden.SK_CharM_Golden
[2020.04.02-10.46.09:248][  0]InfinityBlade: Warning: AIBCharacter::AIBCharacter(123)Character Asset : /Game/InfinityBladeWarriors/Character/CompleteCharacters/SK_CharM_Natural.SK_CharM_Natural
[2020.04.02-10.46.09:248][  0]InfinityBlade: Warning: AIBCharacter::AIBCharacter(123)Character Asset : /Game/InfinityBladeWarriors/Character/CompleteCharacters/SK_CharM_Pit.SK_CharM_Pit
[2020.04.02-10.46.09:248][  0]InfinityBlade: Warning: AIBCharacter::AIBCharacter(123)Character Asset : /Game/InfinityBladeWarriors/Character/CompleteCharacters/SK_CharM_Ragged0.SK_CharM_Ragged0
[2020.04.02-10.46.09:248][  0]InfinityBlade: Warning: AIBCharacter::AIBCharacter(123)Character Asset : /Game/InfinityBladeWarriors/Character/CompleteCharacters/SK_CharM_RaggedElite.SK_CharM_RaggedElite
[2020.04.02-10.46.09:248][  0]InfinityBlade: Warning: AIBCharacter::AIBCharacter(123)Character Asset : /Game/InfinityBladeWarriors/Character/CompleteCharacters/SK_CharM_Ram.SK_CharM_Ram
[2020.04.02-10.46.09:248][  0]InfinityBlade: Warning: AIBCharacter::AIBCharacter(123)Character Asset : /Game/InfinityBladeWarriors/Character/CompleteCharacters/SK_CharM_Robo.SK_CharM_Robo
[2020.04.02-10.46.09:248][  0]InfinityBlade: Warning: AIBCharacter::AIBCharacter(123)Character Asset : /Game/InfinityBladeWarriors/Character/CompleteCharacters/SK_CharM_Shell.SK_CharM_Shell
[2020.04.02-10.46.09:248][  0]InfinityBlade: Warning: AIBCharacter::AIBCharacter(123)Character Asset : /Game/InfinityBladeWarriors/Character/CompleteCharacters/SK_CharM_solid.SK_CharM_solid
[2020.04.02-10.46.09:248][  0]InfinityBlade: Warning: AIBCharacter::AIBCharacter(123)Character Asset : /Game/InfinityBladeWarriors/Character/CompleteCharacters/SK_CharM_Standard.SK_CharM_Standard
[2020.04.02-10.46.09:248][  0]InfinityBlade: Warning: AIBCharacter::AIBCharacter(123)Character Asset : /Game/InfinityBladeWarriors/Character/CompleteCharacters/SK_CharM_Tusk.SK_CharM_Tusk
[2020.04.02-10.46.09:248][  0]InfinityBlade: Warning: AIBCharacter::AIBCharacter(123)Character Asset : /Game/InfinityBladeWarriors/Character/CompleteCharacters/SK_CharM_Warrior.SK_CharM_Warrior
[2020.04.02-10.46.09:306][  0]LogSkeletalMesh: Skeletal Mesh found in DDC [0.065400ms] /Game/InfinityBladeWeapons/Weapons/Blade/Swords/Blade_HeroSword17/SK_Blade_HeroSword17.SK_Blade_HeroSword17
[2020.04.02-10.46.09:385][  0]LogSkeletalMesh: Skeletal Mesh found in DDC [0.247700ms] /Game/InfinityBladeWarriors/Character/CompleteCharacters/SK_CharM_Cardboard.SK_CharM_Cardboard
[2020.04.02-10.46.09:601][  0]LogSkeletalMesh: Skeletal Mesh found in DDC [0.039100ms] /Game/InfinityBladeWeapons/Weapons/Blade/Swords/Blade_HeroSword22/SK_Blade_HeroSword22.SK_Blade_HeroSword22
[2020.04.02-10.46.09:658][  0]LogSkeletalMesh: Skeletal Mesh found in DDC [0.153300ms] /Game/InfinityBladeAdversaries/Enemy/Enemy_Wolf/SK_Enemy_Wolf_Armored.SK_Enemy_Wolf_Armored
[2020.04.02-10.46.09:957][  0]SourceControl: 소스 콘트롤이 꺼졌습니다.
[2020.04.02-10.46.09:957][  0]SourceControl: 소스 콘트롤이 꺼졌습니다.
[2020.04.02-10.46.10:001][  0]SourceControl: 소스 콘트롤이 꺼졌습니다.
[2020.04.02-10.46.10:034][  0]SourceControl: 소스 콘트롤이 꺼졌습니다.
[2020.04.02-10.46.10:946][  0]LogAndroidPermission: UAndroidPermissionCallbackProxy::GetInstance
[2020.04.02-10.46.11:343][  0]LogOcInput: OculusInput pre-init called
[2020.04.02-10.46.11:560][  0]LogEngine: Initializing Engine...
[2020.04.02-10.46.11:569][  0]LogHMD: Failed to initialize OpenVR with code 110
[2020.04.02-10.46.11:572][  0]LogStats: UGameplayTagsManager::ConstructGameplayTagTree: Construct from data asset -  0.000 s
[2020.04.02-10.46.11:572][  0]LogStats: UGameplayTagsManager::ConstructGameplayTagTree: GameplayTagTreeChangedEvent.Broadcast -  0.000 s
[2020.04.02-10.46.11:929][  0]LogAIModule: Creating AISystem for world Untitled
[2020.04.02-10.46.12:022][  0]LogInit: XAudio2 using 'T23C350(2- NVIDIA High Definition Audio)' : 2 channels at 48 kHz using 16 bits per sample (channel mask 0x3)
[2020.04.02-10.46.12:091][  0]LogInit: FAudioDevice initialized.
[2020.04.02-10.46.12:161][  0]LogDerivedDataCache: Saved boot cache 0.07s 124MB C:/Users/pth08/AppData/Local/UnrealEngine/4.19/DerivedDataCache/Boot.ddc.
[2020.04.02-10.46.12:184][  0]LogInit: Texture streaming: Enabled
[2020.04.02-10.46.12:240][  0]LogEngineSessionManager: EngineSessionManager initialized
[2020.04.02-10.46.12:268][  0]LogInit: Transaction tracking system initialized
[2020.04.02-10.46.12:374][  0]BlueprintLog: New page: 에디터 로드
[2020.04.02-10.46.12:744][  0]LocalizationService: 현지화 서비스가 비활성화되었습니다.
[2020.04.02-10.46.13:083][  0]LogConsoleResponse: Display: 
[2020.04.02-10.46.13:486][  0]LogCook: Display: Max memory allowance for cook 16384mb min free memory 0mb
[2020.04.02-10.46.13:487][  0]LogCook: Display: Mobile HDR setting 1
[2020.04.02-10.46.13:487][  0]LogGameplayTags: Display: UGameplayTagsManager::DoneAddingNativeTags. DelegateIsBound: 0
[2020.04.02-10.46.13:487][  0]LogStats: UGameplayTagsManager::ConstructGameplayTagTree: Construct from data asset -  0.000 s
[2020.04.02-10.46.13:487][  0]LogStats: UGameplayTagsManager::ConstructGameplayTagTree: GameplayTagTreeChangedEvent.Broadcast -  0.000 s
[2020.04.02-10.46.13:764][  0]LogFileCache: Scanning file cache for directory 'C:/dev/IB/Content/' took 0.11s
[2020.04.02-10.46.14:376][  0]SourceControl: 소스 콘트롤이 꺼졌습니다.
[2020.04.02-10.46.14:379][  0]Cmd: MAP LOAD FILE="../../../../../../dev/IB/Content/dev/Maps/StartRoom.umap" TEMPLATE=0 SHOWPROGRESS=1 FEATURELEVEL=3
[2020.04.02-10.46.14:381][  0]LightingResults: New page: 라이팅 빌드
[2020.04.02-10.46.14:400][  0]MapCheck: New page: 맵 체크
[2020.04.02-10.46.14:400][  0]LightingResults: New page: 라이팅 빌드
[2020.04.02-10.46.14:414][  0]LogUObjectGlobals: Destroyed PersistentFrame Addr=0x000001e406f55a58, Size=8
[2020.04.02-10.46.14:416][  0]LogUObjectGlobals: Destroyed PersistentFrame Addr=0x000001e406adc790, Size=20
[2020.04.02-10.46.14:655][  0]LogUObjectGlobals: Created PersistentFrame Addr=0x000001e4113ed0c0, Size=408, Default__StartRoom_C Function /Game/dev/Maps/StartRoom.StartRoom_C:ExecuteUbergraph_StartRoom
[2020.04.02-10.46.14:659][  0]LogUObjectGlobals: Destroyed PersistentFrame Addr=0x000001e4113ed0c0, Size=408
[2020.04.02-10.46.14:659][  0]LogUObjectGlobals: Created PersistentFrame Addr=0x000001e4113ed0c0, Size=408, Default__StartRoom_C Function /Engine/Transient.REINST_StartRoom_C_10:ExecuteUbergraph_StartRoom
[2020.04.02-10.46.14:661][  0]LogUObjectGlobals: Created PersistentFrame Addr=0x000001e4113ec100, Size=408, Default__StartRoom_C Function /Game/dev/Maps/StartRoom.StartRoom_C:ExecuteUbergraph_StartRoom
[2020.04.02-10.46.16:005][  0]LogTexture: Display: 텍스처 빌드: Texture2D_0 (BGRA8, 256X256)
[2020.04.02-10.46.16:005][  0]LogTexture: Display: 텍스처 빌드: T_JaggedRock_01_N (BC5, 2048X2048)
[2020.04.02-10.46.16:005][  0]LogTexture: Display: 텍스처 빌드: T_JaggedRock_01_D (AutoDXT, 2048X2048)
[2020.04.02-10.46.16:005][  0]LogMaterial: Missing cached shader map for material M_JaggedRock_01, compiling. 
[2020.04.02-10.46.16:057][  0]LogShaderCompilers: Display: Shaders left to compile 41
[2020.04.02-10.46.16:057][  0]LogShaderCompilers: Display: Shaders left to compile 31
[2020.04.02-10.46.16:057][  0]LogShaderCompilers: Display: Shaders left to compile 21
[2020.04.02-10.46.16:057][  0]LogShaderCompilers: Display: Shaders left to compile 11
[2020.04.02-10.46.16:057][  0]LogShaderCompilers: Display: Shaders left to compile 1
[2020.04.02-10.46.16:057][  0]LogMaterial: Missing cached shader map for material M_JaggedRock_01, compiling. 
[2020.04.02-10.46.16:113][  0]LogSkeletalMesh: Skeletal Mesh found in DDC [4.344100ms] /Game/InfinityBladeWeapons/Weapons/Blade/Swords/Blade_HeroSword16/SK_Blade_HeroSword16.SK_Blade_HeroSword16
[2020.04.02-10.46.16:157][  0]LogShaderCompilers: Display: Shaders left to compile 42
[2020.04.02-10.46.16:158][  0]LogShaderCompilers: Display: Shaders left to compile 32
[2020.04.02-10.46.16:158][  0]LogShaderCompilers: Display: Shaders left to compile 22
[2020.04.02-10.46.16:158][  0]LogShaderCompilers: Display: Shaders left to compile 12
[2020.04.02-10.46.16:158][  0]LogAIModule: Creating AISystem for world StartRoom
[2020.04.02-10.46.16:262][  0]LogStreaming: Display: ULevelStreaming::RequestLevel(/Game/InfinityBladeGrassLands/Maps/ElvenRuins) is flushing async loading
[2020.04.02-10.46.20:018][  0]LogShaderCompilers: Display: Shaders left to compile 2
[2020.04.02-10.46.21:846][  0]LogSkeletalMesh: Skeletal Mesh found in DDC [4.404500ms] /Game/InfinityBladeGrassLands/Environments/Earth/EX_EnvAssets/Meshes/SK_Env_Ice_Deco2_BlowingFlag.SK_Env_Ice_Deco2_BlowingFlag
[2020.04.02-10.46.21:851][  0]LogSkeletalMesh: Skeletal Mesh found in DDC [4.356500ms] /Game/InfinityBladeGrassLands/Environments/Earth/EX_EnvAssets/Meshes/SK_Env_Ice_Deco2_BlowingFlag3.SK_Env_Ice_Deco2_BlowingFlag3
[2020.04.02-10.46.22:036][  0]LogStreaming: Display: ULevelStreaming::RequestLevel(/Game/InfinityBladeIceLands/Maps/FrozenCove) is flushing async loading
[2020.04.02-10.46.25:276][  0]LogPackageName: Warning: String asset reference "Env_Ice_Rocky.Mesh.Env_Ice_MelancholicTroll01" is in short form, which is unsupported and -- even if valid -- resolving it will be really slow.
[2020.04.02-10.46.25:276][  0]LogPackageName: Warning: Please consider resaving package in order to speed-up loading.
[2020.04.02-10.46.25:549][  0]LogPackageName: SearchForPackageOnDisk took   0.271s, but failed to resolve Env_Ice_Rocky.
[2020.04.02-10.46.25:549][  0]LogPackageName: Warning: String asset reference "Env_Ice_Rocky.Mesh.Env_Ice_MelancholicTroll01" could not be resolved.
[2020.04.02-10.46.25:552][  0]LogPackageName: Warning: String asset reference "Env_Ice_Rocky.Mesh.Env_Ice_NordHeed01" is in short form, which is unsupported and -- even if valid -- resolving it will be really slow.
[2020.04.02-10.46.25:553][  0]LogPackageName: Warning: Please consider resaving package in order to speed-up loading.
[2020.04.02-10.46.25:780][  0]LogPackageName: SearchForPackageOnDisk took   0.228s, but failed to resolve Env_Ice_Rocky.
[2020.04.02-10.46.25:780][  0]LogPackageName: Warning: String asset reference "Env_Ice_Rocky.Mesh.Env_Ice_NordHeed01" could not be resolved.
[2020.04.02-10.46.25:786][  0]LogPackageName: Warning: String asset reference "Env_Ice_Rocky.Mesh.Env_Ice_NordHeed01" is in short form, which is unsupported and -- even if valid -- resolving it will be really slow.
[2020.04.02-10.46.25:786][  0]LogPackageName: Warning: Please consider resaving package in order to speed-up loading.
[2020.04.02-10.46.26:009][  0]LogPackageName: SearchForPackageOnDisk took   0.223s, but failed to resolve Env_Ice_Rocky.
[2020.04.02-10.46.26:009][  0]LogPackageName: Warning: String asset reference "Env_Ice_Rocky.Mesh.Env_Ice_NordHeed01" could not be resolved.
[2020.04.02-10.46.26:012][  0]LogPackageName: Warning: String asset reference "Env_Ice_Rocky.Texture.Env_Ice_RockyStairs01" is in short form, which is unsupported and -- even if valid -- resolving it will be really slow.
[2020.04.02-10.46.26:012][  0]LogPackageName: Warning: Please consider resaving package in order to speed-up loading.
[2020.04.02-10.46.26:233][  0]LogPackageName: SearchForPackageOnDisk took   0.222s, but failed to resolve Env_Ice_Rocky.
[2020.04.02-10.46.26:234][  0]LogPackageName: Warning: String asset reference "Env_Ice_Rocky.Texture.Env_Ice_RockyStairs01" could not be resolved.
[2020.04.02-10.46.26:238][  0]LogPackageName: Warning: String asset reference "Env_Ice_Rocky.Mesh.Env_Ice_RuinedSteps001" is in short form, which is unsupported and -- even if valid -- resolving it will be really slow.
[2020.04.02-10.46.26:238][  0]LogPackageName: Warning: Please consider resaving package in order to speed-up loading.
[2020.04.02-10.46.26:448][  0]LogPackageName: SearchForPackageOnDisk took   0.209s, but failed to resolve Env_Ice_Rocky.
[2020.04.02-10.46.26:448][  0]LogPackageName: Warning: String asset reference "Env_Ice_Rocky.Mesh.Env_Ice_RuinedSteps001" could not be resolved.
[2020.04.02-10.46.26:451][  0]LogPackageName: Warning: String asset reference "Env_Ice_RuinedWalls001" is in short form, which is unsupported and -- even if valid -- resolving it will be really slow.
[2020.04.02-10.46.26:452][  0]LogPackageName: Warning: Please consider resaving package in order to speed-up loading.
[2020.04.02-10.46.26:664][  0]LogPackageName: SearchForPackageOnDisk took   0.213s, but failed to resolve Env_Ice_RuinedWalls001.
[2020.04.02-10.46.26:664][  0]LogPackageName: Warning: String asset reference "Env_Ice_RuinedWalls001" could not be resolved.
[2020.04.02-10.46.26:748][  0]LogPackageName: Warning: String asset reference "Env_ALL_Artifacts.Mesh.Env_ALL_Terminus001" is in short form, which is unsupported and -- even if valid -- resolving it will be really slow.
[2020.04.02-10.46.26:748][  0]LogPackageName: Warning: Please consider resaving package in order to speed-up loading.
[2020.04.02-10.46.26:957][  0]LogPackageName: SearchForPackageOnDisk took   0.209s, but failed to resolve Env_ALL_Artifacts.
[2020.04.02-10.46.26:957][  0]LogPackageName: Warning: String asset reference "Env_ALL_Artifacts.Mesh.Env_ALL_Terminus001" could not be resolved.
[2020.04.02-10.46.26:959][  0]LogPackageName: Warning: String asset reference "S_ClothTarps_03.SM.Mesh.S_ClothTarps_03" is in short form, which is unsupported and -- even if valid -- resolving it will be really slow.
[2020.04.02-10.46.26:959][  0]LogPackageName: Warning: Please consider resaving package in order to speed-up loading.
[2020.04.02-10.46.27:181][  0]LogPackageName: SearchForPackageOnDisk took   0.222s, but failed to resolve S_ClothTarps_03.
[2020.04.02-10.46.27:181][  0]LogPackageName: Warning: String asset reference "S_ClothTarps_03.SM.Mesh.S_ClothTarps_03" could not be resolved.
[2020.04.02-10.46.29:373][  0]LogSkeletalMesh: Skeletal Mesh found in DDC [4.880100ms] /Game/InfinityBladeIceLands/Environments/Ice/EX_EnvAssets/Meshes/SK_Env_Ice_Deco2_BlowingFlag3.SK_Env_Ice_Deco2_BlowingFlag3
[2020.04.02-10.46.29:615][  0]LogEditorServer: Finished looking for orphan Actors (0.000 secs)
[2020.04.02-10.46.29:640][  0]LogUObjectGlobals: Destroyed PersistentFrame Addr=0x000001e4113ed0c0, Size=408
[2020.04.02-10.46.29:645][  0]Cmd: MAP CHECKDEP NOCLEARLOG
[2020.04.02-10.46.29:992][  0]MapCheck: 맵 체크 완료: 오류 0 회, 경고 0 회, 소요 시간 346.747ms.
[2020.04.02-10.46.29:995][  0]LogFileHelpers: Loading map 'StartRoom' took 15.617
[2020.04.02-10.46.30:385][  0]LogCollectionManager: Loaded 0 collections in 0.002636 seconds
[2020.04.02-10.46.30:455][  0]LogFileCache: Scanning file cache for directory 'C:/dev/IB/Saved/Collections/' took 0.01s
[2020.04.02-10.46.30:455][  0]LogFileCache: Scanning file cache for directory 'C:/dev/IB/Content/Developers/pth08/Collections/' took 0.01s
[2020.04.02-10.46.30:455][  0]LogFileCache: Scanning file cache for directory 'C:/dev/IB/Content/Collections/' took 0.01s
[2020.04.02-10.46.30:456][  0]LogCollectionManager: Rebuilt the GUID cache for 0 collections in 0.000000 seconds
[2020.04.02-10.46.30:475][  0]LogContentBrowser: Native class hierarchy populated in 0.0177 seconds. Added 2487 classes and 567 folders.
[2020.04.02-10.46.30:500][  0]LogContentBrowser: Native class hierarchy updated for 'WidgetCarousel' in 0.0075 seconds. Added 0 classes and 0 folders.
[2020.04.02-10.46.30:802][  0]LogContentBrowser: Native class hierarchy updated for 'AddContentDialog' in 0.0093 seconds. Added 0 classes and 0 folders.
[2020.04.02-10.46.30:838][  0]LogContentBrowser: Native class hierarchy updated for 'SceneOutliner' in 0.0078 seconds. Added 1 classes and 2 folders.
[2020.04.02-10.46.31:025][  0]LogSlate: Took 0.005976 seconds to synchronously load lazily loaded font '../../../Engine/Content/Slate/Fonts/Roboto-Regular.ttf' (155K)
[2020.04.02-10.46.31:040][  0]LogSlate: Took 0.013436 seconds to synchronously load lazily loaded font '../../../Engine/Content/Editor/Slate/Fonts/NanumGothic.ttf' (4243K)
[2020.04.02-10.46.31:053][  0]LogSlate: Took 0.011987 seconds to synchronously load lazily loaded font '../../../Engine/Content/Editor/Slate/Fonts/NanumGothicBold.ttf' (4188K)
[2020.04.02-10.46.31:058][  0]LogSlate: Took 0.004475 seconds to synchronously load lazily loaded font '../../../Engine/Content/Slate/Fonts/Roboto-Bold.ttf' (160K)
[2020.04.02-10.46.31:069][  0]LogSlate: Took 0.004234 seconds to synchronously load lazily loaded font '../../../Engine/Content/Editor/Slate/Fonts/FontAwesome.ttf' (139K)
[2020.04.02-10.46.31:255][  0]LogRenderer: Reallocating scene render targets to support 912x580 Format 10 NumSamples 1 (Frame:1).
[2020.04.02-10.46.31:375][  0]LogSlate: Took 0.004594 seconds to synchronously load lazily loaded font '../../../Engine/Content/Slate/Fonts/Roboto-Light.ttf' (167K)
[2020.04.02-10.46.31:482][  0]LogContentBrowser: Native class hierarchy updated for 'HierarchicalLODOutliner' in 0.0075 seconds. Added 0 classes and 0 folders.
[2020.04.02-10.46.31:483][  0]LogLoad: (Engine Initialization) Total time: 42.22 seconds
[2020.04.02-10.46.31:483][  0]LogLoad: (Engine Initialization) Total Blueprint compile time: 0.00 seconds
[2020.04.02-10.46.31:550][  0]LogContentStreaming: Texture pool size now 1000 MB
[2020.04.02-10.46.31:628][  1]LogFileCache: Retrieving MD5 hashes for directory 'C:/dev/IB/Content/' took 0.12s
[2020.04.02-10.46.31:896][  4]LogAssetRegistry: Asset discovery search completed in 29.9949 seconds
[2020.04.02-10.46.31:904][  4]LogCollectionManager: Rebuilt the object cache for 0 collections in 0.000000 seconds (found 0 objects)
[2020.04.02-10.46.31:904][  4]LogCollectionManager: Fixed up redirectors for 0 collections in 0.000157 seconds (updated 0 objects)
[2020.04.02-10.46.43:675][349]LogEditorViewport: Clicking on Actor (LMB): Landscape (Landscape)
[2020.04.02-10.46.45:247][506]LogSlate: FSceneViewport::OnFocusLost() reason 0
[2020.04.02-10.46.45:346][518]LogTemp: Repeating last play command: 선택된 뷰포트
[2020.04.02-10.46.45:375][518]LogBlueprintUserMessages: Early PlayInEditor Detection: Level '/Game/dev/Maps/StartRoom.StartRoom:PersistentLevel' has LevelScriptBlueprint '/Game/dev/Maps/StartRoom.StartRoom:PersistentLevel.StartRoom' with GeneratedClass '/Game/dev/Maps/StartRoom.StartRoom_C' with ClassGeneratedBy '/Game/dev/Maps/StartRoom.StartRoom:PersistentLevel.StartRoom'
[2020.04.02-10.46.45:375][518]LogBlueprintUserMessages: Early PlayInEditor Detection: Level '/Game/InfinityBladeGrassLands/Maps/ElvenRuins.ElvenRuins:PersistentLevel' has LevelScriptBlueprint '/Game/InfinityBladeGrassLands/Maps/ElvenRuins.ElvenRuins:PersistentLevel.ElvenRuins' with GeneratedClass '/Game/InfinityBladeGrassLands/Maps/ElvenRuins.ElvenRuins_C' with ClassGeneratedBy '/Game/InfinityBladeGrassLands/Maps/ElvenRuins.ElvenRuins:PersistentLevel.ElvenRuins'
[2020.04.02-10.46.45:375][518]LogBlueprintUserMessages: Early PlayInEditor Detection: Level '/Game/InfinityBladeIceLands/Maps/FrozenCove.FrozenCove:PersistentLevel' has LevelScriptBlueprint '/Game/InfinityBladeIceLands/Maps/FrozenCove.FrozenCove:PersistentLevel.FrozenCove' with GeneratedClass '/Game/InfinityBladeIceLands/Maps/FrozenCove.FrozenCove_C' with ClassGeneratedBy '/Game/InfinityBladeIceLands/Maps/FrozenCove.FrozenCove:PersistentLevel.FrozenCove'
[2020.04.02-10.46.45:377][518]LogPlayLevel: PlayLevel: No blueprints needed recompiling
[2020.04.02-10.46.45:386][518]PIE: New page: PIE 세션: StartRoom (2020. 4. 3. 오전 4:46:45)
[2020.04.02-10.46.45:386][518]LogPlayLevel: Creating play world package: /Game/dev/Maps/UEDPIE_0_StartRoom
[2020.04.02-10.46.45:397][518]LogPlayLevel: PIE: StaticDuplicateObject took: (0.010275s)
[2020.04.02-10.46.45:397][518]LogAIModule: Creating AISystem for world StartRoom
[2020.04.02-10.46.45:398][518]LogPlayLevel: PIE: World Init took: (0.000906s)
[2020.04.02-10.46.45:398][518]LogPlayLevel: PIE: Created PIE world by copying editor world from /Game/dev/Maps/StartRoom.StartRoom to /Game/dev/Maps/UEDPIE_0_StartRoom.StartRoom (0.011597s)
[2020.04.02-10.46.45:476][518]LogInit: XAudio2 using 'T23C350(2- NVIDIA High Definition Audio)' : 2 channels at 48 kHz using 16 bits per sample (channel mask 0x3)
[2020.04.02-10.46.45:502][518]LogInit: FAudioDevice initialized.
[2020.04.02-10.46.45:554][518]LogLoad: Game class is 'IBGameMode'
[2020.04.02-10.46.45:563][518]LogWorld: Bringing World /Game/dev/Maps/UEDPIE_0_StartRoom.StartRoom up for play (max tick rate 0) at 2020.04.02-19.46.45
[2020.04.02-10.46.45:573][518]LogWorld: Bringing up level for play took: 0.011767
[2020.04.02-10.46.45:596][518]LogContentBrowser: Native class hierarchy updated for 'MovieSceneCapture' in 0.0070 seconds. Added 11 classes and 0 folders.
[2020.04.02-10.46.45:596][518]InfinityBlade: Warning: AIBCharacter::AIBCharacter(123)Character Asset : /Game/InfinityBladeWarriors/Character/CompleteCharacters/SK_CharM_Barbarous.SK_CharM_Barbarous
[2020.04.02-10.46.45:596][518]InfinityBlade: Warning: AIBCharacter::AIBCharacter(123)Character Asset : /Game/InfinityBladeWarriors/Character/CompleteCharacters/sk_CharM_Base.sk_CharM_Base
[2020.04.02-10.46.45:596][518]InfinityBlade: Warning: AIBCharacter::AIBCharacter(123)Character Asset : /Game/InfinityBladeWarriors/Character/CompleteCharacters/SK_CharM_Bladed.SK_CharM_Bladed
[2020.04.02-10.46.45:596][518]InfinityBlade: Warning: AIBCharacter::AIBCharacter(123)Character Asset : /Game/InfinityBladeWarriors/Character/CompleteCharacters/SK_CharM_Cardboard.SK_CharM_Cardboard
[2020.04.02-10.46.45:597][518]InfinityBlade: Warning: AIBCharacter::AIBCharacter(123)Character Asset : /Game/InfinityBladeWarriors/Character/CompleteCharacters/SK_CharM_Forge.SK_CharM_Forge
[2020.04.02-10.46.45:597][518]InfinityBlade: Warning: AIBCharacter::AIBCharacter(123)Character Asset : /Game/InfinityBladeWarriors/Character/CompleteCharacters/SK_CharM_FrostGiant.SK_CharM_FrostGiant
[2020.04.02-10.46.45:597][518]InfinityBlade: Warning: AIBCharacter::AIBCharacter(123)Character Asset : /Game/InfinityBladeWarriors/Character/CompleteCharacters/SK_CharM_Golden.SK_CharM_Golden
[2020.04.02-10.46.45:597][518]InfinityBlade: Warning: AIBCharacter::AIBCharacter(123)Character Asset : /Game/InfinityBladeWarriors/Character/CompleteCharacters/SK_CharM_Natural.SK_CharM_Natural
[2020.04.02-10.46.45:597][518]InfinityBlade: Warning: AIBCharacter::AIBCharacter(123)Character Asset : /Game/InfinityBladeWarriors/Character/CompleteCharacters/SK_CharM_Pit.SK_CharM_Pit
[2020.04.02-10.46.45:597][518]InfinityBlade: Warning: AIBCharacter::AIBCharacter(123)Character Asset : /Game/InfinityBladeWarriors/Character/CompleteCharacters/SK_CharM_Ragged0.SK_CharM_Ragged0
[2020.04.02-10.46.45:597][518]InfinityBlade: Warning: AIBCharacter::AIBCharacter(123)Character Asset : /Game/InfinityBladeWarriors/Character/CompleteCharacters/SK_CharM_RaggedElite.SK_CharM_RaggedElite
[2020.04.02-10.46.45:597][518]InfinityBlade: Warning: AIBCharacter::AIBCharacter(123)Character Asset : /Game/InfinityBladeWarriors/Character/CompleteCharacters/SK_CharM_Ram.SK_CharM_Ram
[2020.04.02-10.46.45:597][518]InfinityBlade: Warning: AIBCharacter::AIBCharacter(123)Character Asset : /Game/InfinityBladeWarriors/Character/CompleteCharacters/SK_CharM_Robo.SK_CharM_Robo
[2020.04.02-10.46.45:597][518]InfinityBlade: Warning: AIBCharacter::AIBCharacter(123)Character Asset : /Game/InfinityBladeWarriors/Character/CompleteCharacters/SK_CharM_Shell.SK_CharM_Shell
[2020.04.02-10.46.45:597][518]InfinityBlade: Warning: AIBCharacter::AIBCharacter(123)Character Asset : /Game/InfinityBladeWarriors/Character/CompleteCharacters/SK_CharM_solid.SK_CharM_solid
[2020.04.02-10.46.45:597][518]InfinityBlade: Warning: AIBCharacter::AIBCharacter(123)Character Asset : /Game/InfinityBladeWarriors/Character/CompleteCharacters/SK_CharM_Standard.SK_CharM_Standard
[2020.04.02-10.46.45:598][518]InfinityBlade: Warning: AIBCharacter::AIBCharacter(123)Character Asset : /Game/InfinityBladeWarriors/Character/CompleteCharacters/SK_CharM_Tusk.SK_CharM_Tusk
[2020.04.02-10.46.45:598][518]InfinityBlade: Warning: AIBCharacter::AIBCharacter(123)Character Asset : /Game/InfinityBladeWarriors/Character/CompleteCharacters/SK_CharM_Warrior.SK_CharM_Warrior
[2020.04.02-10.46.45:616][518]InfinityBlade: Warning: AIBPlayerState::GetExpRatio(33)ratio 0.333333, Current 10, next 30
[2020.04.02-10.46.45:617][518]InfinityBlade: Warning: UIBHUDWidget::UpdateCharacterStat(54)SEBar 1.000000
[2020.04.02-10.46.45:617][518]InfinityBlade: Warning: UIBHUDWidget::UpdateCharacterStat(54)SEBar 1.000000
[2020.04.02-10.46.45:617][518]PIE: /Game/dev/Maps/UEDPIE_0_StartRoom 에 대한 에디터에서 플레이 시작 시간: -0.178
[2020.04.02-10.46.45:617][518]LogBlueprintUserMessages: Late PlayInEditor Detection: Level '/Game/dev/Maps/StartRoom.StartRoom:PersistentLevel' has LevelScriptBlueprint '/Game/dev/Maps/StartRoom.StartRoom:PersistentLevel.StartRoom' with GeneratedClass '/Game/dev/Maps/StartRoom.StartRoom_C' with ClassGeneratedBy '/Game/dev/Maps/StartRoom.StartRoom:PersistentLevel.StartRoom'
[2020.04.02-10.46.45:618][518]LogBlueprintUserMessages: Late PlayInEditor Detection: Level '/Game/InfinityBladeGrassLands/Maps/ElvenRuins.ElvenRuins:PersistentLevel' has LevelScriptBlueprint '/Game/InfinityBladeGrassLands/Maps/ElvenRuins.ElvenRuins:PersistentLevel.ElvenRuins' with GeneratedClass '/Game/InfinityBladeGrassLands/Maps/ElvenRuins.ElvenRuins_C' with ClassGeneratedBy '/Game/InfinityBladeGrassLands/Maps/ElvenRuins.ElvenRuins:PersistentLevel.ElvenRuins'
[2020.04.02-10.46.45:618][518]LogBlueprintUserMessages: Late PlayInEditor Detection: Level '/Game/InfinityBladeIceLands/Maps/FrozenCove.FrozenCove:PersistentLevel' has LevelScriptBlueprint '/Game/InfinityBladeIceLands/Maps/FrozenCove.FrozenCove:PersistentLevel.FrozenCove' with GeneratedClass '/Game/InfinityBladeIceLands/Maps/FrozenCove.FrozenCove_C' with ClassGeneratedBy '/Game/InfinityBladeIceLands/Maps/FrozenCove.FrozenCove:PersistentLevel.FrozenCove'
[2020.04.02-10.46.45:725][521]LogSkeletalMesh: Skeletal Mesh found in DDC [5.168200ms] /Game/InfinityBladeWarriors/Character/CompleteCharacters/SK_CharM_Barbarous.SK_CharM_Barbarous
[2020.04.02-10.46.48:523][854]InfinityBlade: Warning: UIB_E_GreaterSpider_AnimInstance::PlayAttackMontage(35)PlayAttackMontage
[2020.04.02-10.46.48:523][854]InfinityBlade: Warning: AIB_E_GreaterSpider::Attack(133)CurrentCombo 2
[2020.04.02-10.46.50:073][ 40]InfinityBlade: Warning: AIB_E_GreaterSpider::PostInitializeComponents::<lambda_48a7356ce3358b91b672ea3c279a4fe0>::operator ()(84)OnNextAttackCheck
[2020.04.02-10.46.50:206][ 56]InfinityBlade: Warning: UIB_E_GreaterSpider_AnimInstance::PlayAttackMontage(35)PlayAttackMontage
[2020.04.02-10.46.50:207][ 56]InfinityBlade: Warning: AIB_E_GreaterSpider::Attack(133)CurrentCombo 2
[2020.04.02-10.46.50:824][130]Set new viewmode: Wireframe
[2020.04.02-10.46.51:752][241]InfinityBlade: Warning: AIB_E_GreaterSpider::PostInitializeComponents::<lambda_48a7356ce3358b91b672ea3c279a4fe0>::operator ()(84)OnNextAttackCheck
[2020.04.02-10.46.51:893][258]InfinityBlade: Warning: UIB_E_GreaterSpider_AnimInstance::PlayAttackMontage(35)PlayAttackMontage
[2020.04.02-10.46.51:893][258]InfinityBlade: Warning: AIB_E_GreaterSpider::Attack(133)CurrentCombo 2
[2020.04.02-10.46.52:384][317]Set new viewmode: Wireframe
[2020.04.02-10.46.53:177][412]LogBlueprintUserMessages: Early EndPlayMap Detection: Level '/Game/dev/Maps/StartRoom.StartRoom:PersistentLevel' has LevelScriptBlueprint '/Game/dev/Maps/StartRoom.StartRoom:PersistentLevel.StartRoom' with GeneratedClass '/Game/dev/Maps/StartRoom.StartRoom_C' with ClassGeneratedBy '/Game/dev/Maps/StartRoom.StartRoom:PersistentLevel.StartRoom'
[2020.04.02-10.46.53:177][412]LogBlueprintUserMessages: Early EndPlayMap Detection: Level '/Game/InfinityBladeGrassLands/Maps/ElvenRuins.ElvenRuins:PersistentLevel' has LevelScriptBlueprint '/Game/InfinityBladeGrassLands/Maps/ElvenRuins.ElvenRuins:PersistentLevel.ElvenRuins' with GeneratedClass '/Game/InfinityBladeGrassLands/Maps/ElvenRuins.ElvenRuins_C' with ClassGeneratedBy '/Game/InfinityBladeGrassLands/Maps/ElvenRuins.ElvenRuins:PersistentLevel.ElvenRuins'
[2020.04.02-10.46.53:178][412]LogBlueprintUserMessages: Early EndPlayMap Detection: Level '/Game/InfinityBladeIceLands/Maps/FrozenCove.FrozenCove:PersistentLevel' has LevelScriptBlueprint '/Game/InfinityBladeIceLands/Maps/FrozenCove.FrozenCove:PersistentLevel.FrozenCove' with GeneratedClass '/Game/InfinityBladeIceLands/Maps/FrozenCove.FrozenCove_C' with ClassGeneratedBy '/Game/InfinityBladeIceLands/Maps/FrozenCove.FrozenCove:PersistentLevel.FrozenCove'
[2020.04.02-10.46.53:221][412]LogBlueprintUserMessages: Late EndPlayMap Detection: Level '/Game/dev/Maps/StartRoom.StartRoom:PersistentLevel' has LevelScriptBlueprint '/Game/dev/Maps/StartRoom.StartRoom:PersistentLevel.StartRoom' with GeneratedClass '/Game/dev/Maps/StartRoom.StartRoom_C' with ClassGeneratedBy '/Game/dev/Maps/StartRoom.StartRoom:PersistentLevel.StartRoom'
[2020.04.02-10.46.53:221][412]LogBlueprintUserMessages: Late EndPlayMap Detection: Level '/Game/InfinityBladeGrassLands/Maps/ElvenRuins.ElvenRuins:PersistentLevel' has LevelScriptBlueprint '/Game/InfinityBladeGrassLands/Maps/ElvenRuins.ElvenRuins:PersistentLevel.ElvenRuins' with GeneratedClass '/Game/InfinityBladeGrassLands/Maps/ElvenRuins.ElvenRuins_C' with ClassGeneratedBy '/Game/InfinityBladeGrassLands/Maps/ElvenRuins.ElvenRuins:PersistentLevel.ElvenRuins'
[2020.04.02-10.46.53:221][412]LogBlueprintUserMessages: Late EndPlayMap Detection: Level '/Game/InfinityBladeIceLands/Maps/FrozenCove.FrozenCove:PersistentLevel' has LevelScriptBlueprint '/Game/InfinityBladeIceLands/Maps/FrozenCove.FrozenCove:PersistentLevel.FrozenCove' with GeneratedClass '/Game/InfinityBladeIceLands/Maps/FrozenCove.FrozenCove_C' with ClassGeneratedBy '/Game/InfinityBladeIceLands/Maps/FrozenCove.FrozenCove:PersistentLevel.FrozenCove'
[2020.04.02-10.46.53:423][431]Cmd: SELECT NONE
[2020.04.02-10.46.54:877][604]LogSlate: FSceneViewport::OnFocusLost() reason 0
[2020.04.02-10.46.55:002][619]LogTemp: Repeating last play command: 선택된 뷰포트
[2020.04.02-10.46.55:029][619]LogBlueprintUserMessages: Early PlayInEditor Detection: Level '/Game/dev/Maps/StartRoom.StartRoom:PersistentLevel' has LevelScriptBlueprint '/Game/dev/Maps/StartRoom.StartRoom:PersistentLevel.StartRoom' with GeneratedClass '/Game/dev/Maps/StartRoom.StartRoom_C' with ClassGeneratedBy '/Game/dev/Maps/StartRoom.StartRoom:PersistentLevel.StartRoom'
[2020.04.02-10.46.55:029][619]LogBlueprintUserMessages: Early PlayInEditor Detection: Level '/Game/InfinityBladeGrassLands/Maps/ElvenRuins.ElvenRuins:PersistentLevel' has LevelScriptBlueprint '/Game/InfinityBladeGrassLands/Maps/ElvenRuins.ElvenRuins:PersistentLevel.ElvenRuins' with GeneratedClass '/Game/InfinityBladeGrassLands/Maps/ElvenRuins.ElvenRuins_C' with ClassGeneratedBy '/Game/InfinityBladeGrassLands/Maps/ElvenRuins.ElvenRuins:PersistentLevel.ElvenRuins'
[2020.04.02-10.46.55:029][619]LogBlueprintUserMessages: Early PlayInEditor Detection: Level '/Game/InfinityBladeIceLands/Maps/FrozenCove.FrozenCove:PersistentLevel' has LevelScriptBlueprint '/Game/InfinityBladeIceLands/Maps/FrozenCove.FrozenCove:PersistentLevel.FrozenCove' with GeneratedClass '/Game/InfinityBladeIceLands/Maps/FrozenCove.FrozenCove_C' with ClassGeneratedBy '/Game/InfinityBladeIceLands/Maps/FrozenCove.FrozenCove:PersistentLevel.FrozenCove'
[2020.04.02-10.46.55:029][619]LogPlayLevel: PlayLevel: No blueprints needed recompiling
[2020.04.02-10.46.55:030][619]PIE: New page: PIE 세션: StartRoom (2020. 4. 3. 오전 4:46:55)
[2020.04.02-10.46.55:030][619]LogPlayLevel: Creating play world package: /Game/dev/Maps/UEDPIE_0_StartRoom
[2020.04.02-10.46.55:038][619]LogPlayLevel: PIE: StaticDuplicateObject took: (0.007639s)
[2020.04.02-10.46.55:038][619]LogAIModule: Creating AISystem for world StartRoom
[2020.04.02-10.46.55:039][619]LogPlayLevel: PIE: World Init took: (0.000919s)
[2020.04.02-10.46.55:039][619]LogPlayLevel: PIE: Created PIE world by copying editor world from /Game/dev/Maps/StartRoom.StartRoom to /Game/dev/Maps/UEDPIE_0_StartRoom.StartRoom (0.008968s)
[2020.04.02-10.46.55:118][619]LogInit: XAudio2 using 'T23C350(2- NVIDIA High Definition Audio)' : 2 channels at 48 kHz using 16 bits per sample (channel mask 0x3)
[2020.04.02-10.46.55:139][619]LogInit: FAudioDevice initialized.
[2020.04.02-10.46.55:173][619]LogLoad: Game class is 'IBGameMode'
[2020.04.02-10.46.55:174][619]LogWorld: Bringing World /Game/dev/Maps/UEDPIE_0_StartRoom.StartRoom up for play (max tick rate 0) at 2020.04.02-19.46.55
[2020.04.02-10.46.55:175][619]LogWorld: Bringing up level for play took: 0.002004
[2020.04.02-10.46.55:178][619]InfinityBlade: Warning: AIBCharacter::AIBCharacter(123)Character Asset : /Game/InfinityBladeWarriors/Character/CompleteCharacters/SK_CharM_Barbarous.SK_CharM_Barbarous
[2020.04.02-10.46.55:178][619]InfinityBlade: Warning: AIBCharacter::AIBCharacter(123)Character Asset : /Game/InfinityBladeWarriors/Character/CompleteCharacters/sk_CharM_Base.sk_CharM_Base
[2020.04.02-10.46.55:178][619]InfinityBlade: Warning: AIBCharacter::AIBCharacter(123)Character Asset : /Game/InfinityBladeWarriors/Character/CompleteCharacters/SK_CharM_Bladed.SK_CharM_Bladed
[2020.04.02-10.46.55:178][619]InfinityBlade: Warning: AIBCharacter::AIBCharacter(123)Character Asset : /Game/InfinityBladeWarriors/Character/CompleteCharacters/SK_CharM_Cardboard.SK_CharM_Cardboard
[2020.04.02-10.46.55:178][619]InfinityBlade: Warning: AIBCharacter::AIBCharacter(123)Character Asset : /Game/InfinityBladeWarriors/Character/CompleteCharacters/SK_CharM_Forge.SK_CharM_Forge
[2020.04.02-10.46.55:178][619]InfinityBlade: Warning: AIBCharacter::AIBCharacter(123)Character Asset : /Game/InfinityBladeWarriors/Character/CompleteCharacters/SK_CharM_FrostGiant.SK_CharM_FrostGiant
[2020.04.02-10.46.55:178][619]InfinityBlade: Warning: AIBCharacter::AIBCharacter(123)Character Asset : /Game/InfinityBladeWarriors/Character/CompleteCharacters/SK_CharM_Golden.SK_CharM_Golden
[2020.04.02-10.46.55:178][619]InfinityBlade: Warning: AIBCharacter::AIBCharacter(123)Character Asset : /Game/InfinityBladeWarriors/Character/CompleteCharacters/SK_CharM_Natural.SK_CharM_Natural
[2020.04.02-10.46.55:178][619]InfinityBlade: Warning: AIBCharacter::AIBCharacter(123)Character Asset : /Game/InfinityBladeWarriors/Character/CompleteCharacters/SK_CharM_Pit.SK_CharM_Pit
[2020.04.02-10.46.55:178][619]InfinityBlade: Warning: AIBCharacter::AIBCharacter(123)Character Asset : /Game/InfinityBladeWarriors/Character/CompleteCharacters/SK_CharM_Ragged0.SK_CharM_Ragged0
[2020.04.02-10.46.55:178][619]InfinityBlade: Warning: AIBCharacter::AIBCharacter(123)Character Asset : /Game/InfinityBladeWarriors/Character/CompleteCharacters/SK_CharM_RaggedElite.SK_CharM_RaggedElite
[2020.04.02-10.46.55:178][619]InfinityBlade: Warning: AIBCharacter::AIBCharacter(123)Character Asset : /Game/InfinityBladeWarriors/Character/CompleteCharacters/SK_CharM_Ram.SK_CharM_Ram
[2020.04.02-10.46.55:178][619]InfinityBlade: Warning: AIBCharacter::AIBCharacter(123)Character Asset : /Game/InfinityBladeWarriors/Character/CompleteCharacters/SK_CharM_Robo.SK_CharM_Robo
[2020.04.02-10.46.55:178][619]InfinityBlade: Warning: AIBCharacter::AIBCharacter(123)Character Asset : /Game/InfinityBladeWarriors/Character/CompleteCharacters/SK_CharM_Shell.SK_CharM_Shell
[2020.04.02-10.46.55:178][619]InfinityBlade: Warning: AIBCharacter::AIBCharacter(123)Character Asset : /Game/InfinityBladeWarriors/Character/CompleteCharacters/SK_CharM_solid.SK_CharM_solid
[2020.04.02-10.46.55:178][619]InfinityBlade: Warning: AIBCharacter::AIBCharacter(123)Character Asset : /Game/InfinityBladeWarriors/Character/CompleteCharacters/SK_CharM_Standard.SK_CharM_Standard
[2020.04.02-10.46.55:179][619]InfinityBlade: Warning: AIBCharacter::AIBCharacter(123)Character Asset : /Game/InfinityBladeWarriors/Character/CompleteCharacters/SK_CharM_Tusk.SK_CharM_Tusk
[2020.04.02-10.46.55:179][619]InfinityBlade: Warning: AIBCharacter::AIBCharacter(123)Character Asset : /Game/InfinityBladeWarriors/Character/CompleteCharacters/SK_CharM_Warrior.SK_CharM_Warrior
[2020.04.02-10.46.55:182][619]InfinityBlade: Warning: AIBPlayerState::GetExpRatio(33)ratio 0.333333, Current 10, next 30
[2020.04.02-10.46.55:182][619]InfinityBlade: Warning: UIBHUDWidget::UpdateCharacterStat(54)SEBar 1.000000
[2020.04.02-10.46.55:182][619]InfinityBlade: Warning: UIBHUDWidget::UpdateCharacterStat(54)SEBar 1.000000
[2020.04.02-10.46.55:183][619]PIE: /Game/dev/Maps/UEDPIE_0_StartRoom 에 대한 에디터에서 플레이 시작 시간: -0.611
[2020.04.02-10.46.55:183][619]LogBlueprintUserMessages: Late PlayInEditor Detection: Level '/Game/dev/Maps/StartRoom.StartRoom:PersistentLevel' has LevelScriptBlueprint '/Game/dev/Maps/StartRoom.StartRoom:PersistentLevel.StartRoom' with GeneratedClass '/Game/dev/Maps/StartRoom.StartRoom_C' with ClassGeneratedBy '/Game/dev/Maps/StartRoom.StartRoom:PersistentLevel.StartRoom'
[2020.04.02-10.46.55:183][619]LogBlueprintUserMessages: Late PlayInEditor Detection: Level '/Game/InfinityBladeGrassLands/Maps/ElvenRuins.ElvenRuins:PersistentLevel' has LevelScriptBlueprint '/Game/InfinityBladeGrassLands/Maps/ElvenRuins.ElvenRuins:PersistentLevel.ElvenRuins' with GeneratedClass '/Game/InfinityBladeGrassLands/Maps/ElvenRuins.ElvenRuins_C' with ClassGeneratedBy '/Game/InfinityBladeGrassLands/Maps/ElvenRuins.ElvenRuins:PersistentLevel.ElvenRuins'
[2020.04.02-10.46.55:183][619]LogBlueprintUserMessages: Late PlayInEditor Detection: Level '/Game/InfinityBladeIceLands/Maps/FrozenCove.FrozenCove:PersistentLevel' has LevelScriptBlueprint '/Game/InfinityBladeIceLands/Maps/FrozenCove.FrozenCove:PersistentLevel.FrozenCove' with GeneratedClass '/Game/InfinityBladeIceLands/Maps/FrozenCove.FrozenCove_C' with ClassGeneratedBy '/Game/InfinityBladeIceLands/Maps/FrozenCove.FrozenCove:PersistentLevel.FrozenCove'
[2020.04.02-10.46.56:460][770]LogSlate: FSceneViewport::OnFocusLost() reason 2
[2020.04.02-10.46.59:025][ 76]LogSlate: Took 0.005336 seconds to synchronously load lazily loaded font '../../../Engine/Content/Slate/Fonts/DroidSansMono.ttf' (77K)
[2020.04.02-10.46.59:075][ 76]LogSlate: Took 0.007791 seconds to synchronously load lazily loaded font '../../../Engine/Content/Editor/Slate/Fonts/NanumGothicExtraBold.ttf' (4074K)
[2020.04.02-10.47.01:567][371]InfinityBlade: Warning: UIB_E_GreaterSpider_AnimInstance::PlayAttackMontage(35)PlayAttackMontage
[2020.04.02-10.47.01:567][371]InfinityBlade: Warning: AIB_E_GreaterSpider::Attack(133)CurrentCombo 2
[2020.04.02-10.47.03:118][557]InfinityBlade: Warning: AIB_E_GreaterSpider::PostInitializeComponents::<lambda_48a7356ce3358b91b672ea3c279a4fe0>::operator ()(84)OnNextAttackCheck
[2020.04.02-10.47.03:251][573]InfinityBlade: Warning: UIB_E_GreaterSpider_AnimInstance::PlayAttackMontage(35)PlayAttackMontage
[2020.04.02-10.47.03:251][573]InfinityBlade: Warning: AIB_E_GreaterSpider::Attack(133)CurrentCombo 2
[2020.04.02-10.47.04:801][759]InfinityBlade: Warning: AIB_E_GreaterSpider::PostInitializeComponents::<lambda_48a7356ce3358b91b672ea3c279a4fe0>::operator ()(84)OnNextAttackCheck
[2020.04.02-10.47.05:609][856]InfinityBlade: Warning: UIB_E_GreaterSpider_AnimInstance::PlayAttackMontage(35)PlayAttackMontage
[2020.04.02-10.47.05:609][856]InfinityBlade: Warning: AIB_E_GreaterSpider::Attack(133)CurrentCombo 2
[2020.04.02-10.47.05:643][860]LogBlueprintUserMessages: Early EndPlayMap Detection: Level '/Game/dev/Maps/StartRoom.StartRoom:PersistentLevel' has LevelScriptBlueprint '/Game/dev/Maps/StartRoom.StartRoom:PersistentLevel.StartRoom' with GeneratedClass '/Game/dev/Maps/StartRoom.StartRoom_C' with ClassGeneratedBy '/Game/dev/Maps/StartRoom.StartRoom:PersistentLevel.StartRoom'
[2020.04.02-10.47.05:643][860]LogBlueprintUserMessages: Early EndPlayMap Detection: Level '/Game/InfinityBladeGrassLands/Maps/ElvenRuins.ElvenRuins:PersistentLevel' has LevelScriptBlueprint '/Game/InfinityBladeGrassLands/Maps/ElvenRuins.ElvenRuins:PersistentLevel.ElvenRuins' with GeneratedClass '/Game/InfinityBladeGrassLands/Maps/ElvenRuins.ElvenRuins_C' with ClassGeneratedBy '/Game/InfinityBladeGrassLands/Maps/ElvenRuins.ElvenRuins:PersistentLevel.ElvenRuins'
[2020.04.02-10.47.05:644][860]LogBlueprintUserMessages: Early EndPlayMap Detection: Level '/Game/InfinityBladeIceLands/Maps/FrozenCove.FrozenCove:PersistentLevel' has LevelScriptBlueprint '/Game/InfinityBladeIceLands/Maps/FrozenCove.FrozenCove:PersistentLevel.FrozenCove' with GeneratedClass '/Game/InfinityBladeIceLands/Maps/FrozenCove.FrozenCove_C' with ClassGeneratedBy '/Game/InfinityBladeIceLands/Maps/FrozenCove.FrozenCove:PersistentLevel.FrozenCove'
[2020.04.02-10.47.05:684][860]LogBlueprintUserMessages: Late EndPlayMap Detection: Level '/Game/dev/Maps/StartRoom.StartRoom:PersistentLevel' has LevelScriptBlueprint '/Game/dev/Maps/StartRoom.StartRoom:PersistentLevel.StartRoom' with GeneratedClass '/Game/dev/Maps/StartRoom.StartRoom_C' with ClassGeneratedBy '/Game/dev/Maps/StartRoom.StartRoom:PersistentLevel.StartRoom'
[2020.04.02-10.47.05:685][860]LogBlueprintUserMessages: Late EndPlayMap Detection: Level '/Game/InfinityBladeGrassLands/Maps/ElvenRuins.ElvenRuins:PersistentLevel' has LevelScriptBlueprint '/Game/InfinityBladeGrassLands/Maps/ElvenRuins.ElvenRuins:PersistentLevel.ElvenRuins' with GeneratedClass '/Game/InfinityBladeGrassLands/Maps/ElvenRuins.ElvenRuins_C' with ClassGeneratedBy '/Game/InfinityBladeGrassLands/Maps/ElvenRuins.ElvenRuins:PersistentLevel.ElvenRuins'
[2020.04.02-10.47.05:685][860]LogBlueprintUserMessages: Late EndPlayMap Detection: Level '/Game/InfinityBladeIceLands/Maps/FrozenCove.FrozenCove:PersistentLevel' has LevelScriptBlueprint '/Game/InfinityBladeIceLands/Maps/FrozenCove.FrozenCove:PersistentLevel.FrozenCove' with GeneratedClass '/Game/InfinityBladeIceLands/Maps/FrozenCove.FrozenCove_C' with ClassGeneratedBy '/Game/InfinityBladeIceLands/Maps/FrozenCove.FrozenCove:PersistentLevel.FrozenCove'
